{"C:\\Users\\asus\\OneDrive\\Desktop\\RHOS\\frontend\\src\\components\\cards\\ConsultationCard.tsx": {"path":"C:\\Users\\asus\\OneDrive\\Desktop\\RHOS\\frontend\\src\\components\\cards\\ConsultationCard.tsx","statementMap":{"0":{"start":{"line":13,"column":2},"end":{"line":52,"column":null}}},"fnMap":{"0":{"name":"ConsultationCard","decl":{"start":{"line":12,"column":24},"end":{"line":12,"column":41}},"loc":{"start":{"line":12,"column":93},"end":{"line":54,"column":null}},"line":12}},"branchMap":{"0":{"loc":{"start":{"line":29,"column":9},"end":{"line":29,"column":null}},"type":"binary-expr","locations":[{"start":{"line":29,"column":9},"end":{"line":29,"column":41}},{"start":{"line":29,"column":41},"end":{"line":29,"column":null}}],"line":29},"1":{"loc":{"start":{"line":35,"column":38},"end":{"line":35,"column":91}},"type":"binary-expr","locations":[{"start":{"line":35,"column":38},"end":{"line":35,"column":67}},{"start":{"line":35,"column":67},"end":{"line":35,"column":91}}],"line":35},"2":{"loc":{"start":{"line":37,"column":9},"end":{"line":43,"column":null}},"type":"binary-expr","locations":[{"start":{"line":37,"column":9},"end":{"line":37,"column":null}},{"start":{"line":38,"column":10},"end":{"line":43,"column":null}}],"line":37}},"s":{"0":1},"f":{"0":1},"b":{"0":[1,0],"1":[1,0],"2":[1,1]},"meta":{"lastBranch":3,"lastFunction":1,"lastStatement":1,"seen":{"f:12:24:12:41":0,"s:13:2:52:Infinity":0,"b:29:9:29:41:29:41:29:Infinity":0,"b:35:38:35:67:35:67:35:91":1,"b:37:9:37:Infinity:38:10:43:Infinity":2},"fnNames":{}}}
,"C:\\Users\\asus\\OneDrive\\Desktop\\RHOS\\frontend\\src\\components\\cards\\PatientCard.tsx": {"path":"C:\\Users\\asus\\OneDrive\\Desktop\\RHOS\\frontend\\src\\components\\cards\\PatientCard.tsx","statementMap":{"0":{"start":{"line":12,"column":2},"end":{"line":53,"column":null}}},"fnMap":{"0":{"name":"PatientCard","decl":{"start":{"line":11,"column":24},"end":{"line":11,"column":36}},"loc":{"start":{"line":11,"column":78},"end":{"line":55,"column":null}},"line":11}},"branchMap":{"0":{"loc":{"start":{"line":32,"column":9},"end":{"line":38,"column":17}},"type":"binary-expr","locations":[{"start":{"line":32,"column":9},"end":{"line":32,"column":null}},{"start":{"line":33,"column":10},"end":{"line":38,"column":17}}],"line":32},"1":{"loc":{"start":{"line":38,"column":9},"end":{"line":44,"column":null}},"type":"binary-expr","locations":[{"start":{"line":38,"column":9},"end":{"line":38,"column":null}},{"start":{"line":39,"column":10},"end":{"line":44,"column":null}}],"line":38}},"s":{"0":1},"f":{"0":1},"b":{"0":[1,1],"1":[1,0]},"meta":{"lastBranch":2,"lastFunction":1,"lastStatement":1,"seen":{"f:11:24:11:36":0,"s:12:2:53:Infinity":0,"b:32:9:32:Infinity:33:10:38:17":0,"b:38:9:38:Infinity:39:10:44:Infinity":1},"fnNames":{}}}
,"C:\\Users\\asus\\OneDrive\\Desktop\\RHOS\\frontend\\src\\components\\cards\\StatsCard.tsx": {"path":"C:\\Users\\asus\\OneDrive\\Desktop\\RHOS\\frontend\\src\\components\\cards\\StatsCard.tsx","statementMap":{"0":{"start":{"line":24,"column":2},"end":{"line":52,"column":null}}},"fnMap":{"0":{"name":"StatsCard","decl":{"start":{"line":14,"column":24},"end":{"line":14,"column":34}},"loc":{"start":{"line":23,"column":19},"end":{"line":54,"column":null}},"line":23}},"branchMap":{"0":{"loc":{"start":{"line":19,"column":2},"end":{"line":19,"column":null}},"type":"default-arg","locations":[{"start":{"line":19,"column":14},"end":{"line":19,"column":null}}],"line":19},"1":{"loc":{"start":{"line":20,"column":2},"end":{"line":20,"column":null}},"type":"default-arg","locations":[{"start":{"line":20,"column":10},"end":{"line":20,"column":null}}],"line":20},"2":{"loc":{"start":{"line":21,"column":2},"end":{"line":21,"column":null}},"type":"default-arg","locations":[{"start":{"line":21,"column":7},"end":{"line":21,"column":null}}],"line":21},"3":{"loc":{"start":{"line":35,"column":9},"end":{"line":49,"column":null}},"type":"binary-expr","locations":[{"start":{"line":35,"column":9},"end":{"line":35,"column":null}},{"start":{"line":36,"column":10},"end":{"line":49,"column":null}}],"line":35},"4":{"loc":{"start":{"line":39,"column":14},"end":{"line":43,"column":null}},"type":"cond-expr","locations":[{"start":{"line":40,"column":18},"end":{"line":40,"column":null}},{"start":{"line":41,"column":18},"end":{"line":43,"column":null}}],"line":39},"5":{"loc":{"start":{"line":41,"column":18},"end":{"line":43,"column":null}},"type":"cond-expr","locations":[{"start":{"line":42,"column":18},"end":{"line":42,"column":null}},{"start":{"line":43,"column":18},"end":{"line":43,"column":null}}],"line":41}},"s":{"0":1},"f":{"0":1},"b":{"0":[1],"1":[1],"2":[1],"3":[1,1],"4":[1,0],"5":[0,0]},"meta":{"lastBranch":6,"lastFunction":1,"lastStatement":1,"seen":{"f:14:24:14:34":0,"b:19:14:19:Infinity":0,"b:20:10:20:Infinity":1,"b:21:7:21:Infinity":2,"s:24:2:52:Infinity":0,"b:35:9:35:Infinity:36:10:49:Infinity":3,"b:40:18:40:Infinity:41:18:43:Infinity":4,"b:42:18:42:Infinity:43:18:43:Infinity":5},"fnNames":{}}}
,"C:\\Users\\asus\\OneDrive\\Desktop\\RHOS\\frontend\\src\\components\\charts\\DiseasePieChart.tsx": {"path":"C:\\Users\\asus\\OneDrive\\Desktop\\RHOS\\frontend\\src\\components\\charts\\DiseasePieChart.tsx","statementMap":{"0":{"start":{"line":5,"column":15},"end":{"line":5,"column":null}},"1":{"start":{"line":13,"column":2},"end":{"line":55,"column":null}},"2":{"start":{"line":28,"column":14},"end":{"line":28,"column":null}},"3":{"start":{"line":43,"column":10},"end":{"line":52,"column":null}}},"fnMap":{"0":{"name":"DiseasePieChart","decl":{"start":{"line":12,"column":24},"end":{"line":12,"column":40}},"loc":{"start":{"line":12,"column":86},"end":{"line":57,"column":null}},"line":12},"1":{"name":"(anonymous_1)","decl":{"start":{"line":27,"column":18},"end":{"line":27,"column":23}},"loc":{"start":{"line":28,"column":14},"end":{"line":28,"column":null}},"line":28},"2":{"name":"(anonymous_2)","decl":{"start":{"line":42,"column":26},"end":{"line":42,"column":31}},"loc":{"start":{"line":43,"column":10},"end":{"line":52,"column":null}},"line":43}},"branchMap":{"0":{"loc":{"start":{"line":12,"column":48},"end":{"line":12,"column":86}},"type":"default-arg","locations":[{"start":{"line":12,"column":57},"end":{"line":12,"column":86}}],"line":12}},"s":{"0":1,"1":1,"2":1,"3":1},"f":{"0":1,"1":1,"2":1},"b":{"0":[1]},"meta":{"lastBranch":1,"lastFunction":3,"lastStatement":4,"seen":{"s:5:15:5:Infinity":0,"f:12:24:12:40":0,"b:12:57:12:86":0,"s:13:2:55:Infinity":1,"f:27:18:27:23":1,"s:28:14:28:Infinity":2,"f:42:26:42:31":2,"s:43:10:52:Infinity":3},"fnNames":{}}}
,"C:\\Users\\asus\\OneDrive\\Desktop\\RHOS\\frontend\\src\\components\\charts\\PatientTrendChart.tsx": {"path":"C:\\Users\\asus\\OneDrive\\Desktop\\RHOS\\frontend\\src\\components\\charts\\PatientTrendChart.tsx","statementMap":{"0":{"start":{"line":10,"column":2},"end":{"line":50,"column":null}}},"fnMap":{"0":{"name":"PatientTrendChart","decl":{"start":{"line":9,"column":24},"end":{"line":9,"column":42}},"loc":{"start":{"line":9,"column":90},"end":{"line":52,"column":null}},"line":9}},"branchMap":{"0":{"loc":{"start":{"line":9,"column":50},"end":{"line":9,"column":90}},"type":"default-arg","locations":[{"start":{"line":9,"column":59},"end":{"line":9,"column":90}}],"line":9}},"s":{"0":1},"f":{"0":1},"b":{"0":[1]},"meta":{"lastBranch":1,"lastFunction":1,"lastStatement":1,"seen":{"f:9:24:9:42":0,"b:9:59:9:90":0,"s:10:2:50:Infinity":0},"fnNames":{}}}
,"C:\\Users\\asus\\OneDrive\\Desktop\\RHOS\\frontend\\src\\components\\charts\\VillageBarChart.tsx": {"path":"C:\\Users\\asus\\OneDrive\\Desktop\\RHOS\\frontend\\src\\components\\charts\\VillageBarChart.tsx","statementMap":{"0":{"start":{"line":10,"column":2},"end":{"line":54,"column":null}}},"fnMap":{"0":{"name":"VillageBarChart","decl":{"start":{"line":9,"column":24},"end":{"line":9,"column":40}},"loc":{"start":{"line":9,"column":86},"end":{"line":56,"column":null}},"line":9}},"branchMap":{"0":{"loc":{"start":{"line":9,"column":48},"end":{"line":9,"column":86}},"type":"default-arg","locations":[{"start":{"line":9,"column":57},"end":{"line":9,"column":86}}],"line":9}},"s":{"0":1},"f":{"0":1},"b":{"0":[1]},"meta":{"lastBranch":1,"lastFunction":1,"lastStatement":1,"seen":{"f:9:24:9:40":0,"b:9:57:9:86":0,"s:10:2:54:Infinity":0},"fnNames":{}}}
,"C:\\Users\\asus\\OneDrive\\Desktop\\RHOS\\frontend\\src\\components\\charts\\VitalsChart.tsx": {"path":"C:\\Users\\asus\\OneDrive\\Desktop\\RHOS\\frontend\\src\\components\\charts\\VitalsChart.tsx","statementMap":{"0":{"start":{"line":11,"column":20},"end":{"line":16,"column":null}},"1":{"start":{"line":12,"column":14},"end":{"line":12,"column":null}},"2":{"start":{"line":13,"column":16},"end":{"line":16,"column":4}},"3":{"start":{"line":18,"column":2},"end":{"line":75,"column":null}}},"fnMap":{"0":{"name":"VitalsChart","decl":{"start":{"line":9,"column":24},"end":{"line":9,"column":36}},"loc":{"start":{"line":9,"column":78},"end":{"line":77,"column":null}},"line":9},"1":{"name":"(anonymous_1)","decl":{"start":{"line":11,"column":30},"end":{"line":11,"column":null}},"loc":{"start":{"line":12,"column":14},"end":{"line":12,"column":null}},"line":12},"2":{"name":"(anonymous_2)","decl":{"start":{"line":13,"column":4},"end":{"line":13,"column":9}},"loc":{"start":{"line":13,"column":16},"end":{"line":16,"column":4}},"line":13}},"branchMap":{"0":{"loc":{"start":{"line":9,"column":44},"end":{"line":9,"column":78}},"type":"default-arg","locations":[{"start":{"line":9,"column":53},"end":{"line":9,"column":78}}],"line":9}},"s":{"0":1,"1":0,"2":1,"3":1},"f":{"0":1,"1":0,"2":1},"b":{"0":[1]},"meta":{"lastBranch":1,"lastFunction":3,"lastStatement":4,"seen":{"f:9:24:9:36":0,"b:9:53:9:78":0,"s:11:20:16:Infinity":0,"f:11:30:11:Infinity":1,"s:12:14:12:Infinity":1,"f:13:4:13:9":2,"s:13:16:16:4":2,"s:18:2:75:Infinity":3},"fnNames":{}}}
,"C:\\Users\\asus\\OneDrive\\Desktop\\RHOS\\frontend\\src\\components\\common\\EmptyState.tsx": {"path":"C:\\Users\\asus\\OneDrive\\Desktop\\RHOS\\frontend\\src\\components\\common\\EmptyState.tsx","statementMap":{"0":{"start":{"line":17,"column":2},"end":{"line":29,"column":null}}},"fnMap":{"0":{"name":"EmptyState","decl":{"start":{"line":11,"column":24},"end":{"line":11,"column":35}},"loc":{"start":{"line":16,"column":20},"end":{"line":31,"column":null}},"line":16}},"branchMap":{"0":{"loc":{"start":{"line":12,"column":2},"end":{"line":12,"column":null}},"type":"default-arg","locations":[{"start":{"line":12,"column":10},"end":{"line":12,"column":null}}],"line":12},"1":{"loc":{"start":{"line":13,"column":2},"end":{"line":13,"column":null}},"type":"default-arg","locations":[{"start":{"line":13,"column":16},"end":{"line":13,"column":null}}],"line":13},"2":{"loc":{"start":{"line":14,"column":8},"end":{"line":14,"column":null}},"type":"default-arg","locations":[{"start":{"line":14,"column":15},"end":{"line":14,"column":null}}],"line":14}},"s":{"0":1},"f":{"0":1},"b":{"0":[1],"1":[1],"2":[1]},"meta":{"lastBranch":3,"lastFunction":1,"lastStatement":1,"seen":{"f:11:24:11:35":0,"b:12:10:12:Infinity":0,"b:13:16:13:Infinity":1,"b:14:15:14:Infinity":2,"s:17:2:29:Infinity":0},"fnNames":{}}}
,"C:\\Users\\asus\\OneDrive\\Desktop\\RHOS\\frontend\\src\\components\\common\\ErrorBoundary.tsx": {"path":"C:\\Users\\asus\\OneDrive\\Desktop\\RHOS\\frontend\\src\\components\\common\\ErrorBoundary.tsx","statementMap":{"0":{"start":{"line":16,"column":24},"end":{"line":19,"column":null}},"1":{"start":{"line":22,"column":4},"end":{"line":22,"column":null}},"2":{"start":{"line":26,"column":4},"end":{"line":26,"column":null}},"3":{"start":{"line":30,"column":4},"end":{"line":52,"column":null}},"4":{"start":{"line":31,"column":6},"end":{"line":33,"column":null}},"5":{"start":{"line":32,"column":8},"end":{"line":32,"column":null}},"6":{"start":{"line":35,"column":6},"end":{"line":50,"column":null}},"7":{"start":{"line":45,"column":27},"end":{"line":45,"column":null}},"8":{"start":{"line":54,"column":4},"end":{"line":54,"column":null}}},"fnMap":{"0":{"name":"getDerivedStateFromError","decl":{"start":{"line":21,"column":16},"end":{"line":21,"column":41}},"loc":{"start":{"line":21,"column":62},"end":{"line":23,"column":null}},"line":21},"1":{"name":"componentDidCatch","decl":{"start":{"line":25,"column":2},"end":{"line":25,"column":9}},"loc":{"start":{"line":25,"column":63},"end":{"line":27,"column":null}},"line":25},"2":{"name":"render","decl":{"start":{"line":29,"column":2},"end":{"line":29,"column":9}},"loc":{"start":{"line":29,"column":18},"end":{"line":55,"column":null}},"line":29},"3":{"name":"(anonymous_3)","decl":{"start":{"line":45,"column":12},"end":{"line":45,"column":27}},"loc":{"start":{"line":45,"column":27},"end":{"line":45,"column":null}},"line":45}},"branchMap":{"0":{"loc":{"start":{"line":30,"column":4},"end":{"line":52,"column":null}},"type":"if","locations":[{"start":{"line":30,"column":4},"end":{"line":52,"column":null}},{"start":{},"end":{}}],"line":30},"1":{"loc":{"start":{"line":31,"column":6},"end":{"line":33,"column":null}},"type":"if","locations":[{"start":{"line":31,"column":6},"end":{"line":33,"column":null}},{"start":{},"end":{}}],"line":31},"2":{"loc":{"start":{"line":42,"column":13},"end":{"line":42,"column":null}},"type":"binary-expr","locations":[{"start":{"line":42,"column":13},"end":{"line":42,"column":42}},{"start":{"line":42,"column":42},"end":{"line":42,"column":null}}],"line":42}},"s":{"0":6,"1":4,"2":2,"3":12,"4":5,"5":0,"6":5,"7":1,"8":7},"f":{"0":6,"1":2,"2":12,"3":1},"b":{"0":[5,7],"1":[0,5],"2":[5,0]},"meta":{"lastBranch":3,"lastFunction":4,"lastStatement":9,"seen":{"s:16:24:19:Infinity":0,"f:21:16:21:41":0,"s:22:4:22:Infinity":1,"f:25:2:25:9":1,"s:26:4:26:Infinity":2,"f:29:2:29:9":2,"b:30:4:52:Infinity:undefined:undefined:undefined:undefined":0,"s:30:4:52:Infinity":3,"b:31:6:33:Infinity:undefined:undefined:undefined:undefined":1,"s:31:6:33:Infinity":4,"s:32:8:32:Infinity":5,"s:35:6:50:Infinity":6,"b:42:13:42:42:42:42:42:Infinity":2,"f:45:12:45:27":3,"s:45:27:45:Infinity":7,"s:54:4:54:Infinity":8},"fnNames":{}}}
,"C:\\Users\\asus\\OneDrive\\Desktop\\RHOS\\frontend\\src\\components\\common\\LoadingSpinner.tsx": {"path":"C:\\Users\\asus\\OneDrive\\Desktop\\RHOS\\frontend\\src\\components\\common\\LoadingSpinner.tsx","statementMap":{"0":{"start":{"line":10,"column":2},"end":{"line":16,"column":null}}},"fnMap":{"0":{"name":"LoadingSpinner","decl":{"start":{"line":9,"column":24},"end":{"line":9,"column":39}},"loc":{"start":{"line":9,"column":86},"end":{"line":18,"column":null}},"line":9}},"branchMap":{"0":{"loc":{"start":{"line":9,"column":52},"end":{"line":9,"column":86}},"type":"default-arg","locations":[{"start":{"line":9,"column":59},"end":{"line":9,"column":86}}],"line":9}},"s":{"0":1},"f":{"0":1},"b":{"0":[1]},"meta":{"lastBranch":1,"lastFunction":1,"lastStatement":1,"seen":{"f:9:24:9:39":0,"b:9:59:9:86":0,"s:10:2:16:Infinity":0},"fnNames":{}}}
,"C:\\Users\\asus\\OneDrive\\Desktop\\RHOS\\frontend\\src\\components\\common\\PriorityBadge.tsx": {"path":"C:\\Users\\asus\\OneDrive\\Desktop\\RHOS\\frontend\\src\\components\\common\\PriorityBadge.tsx","statementMap":{"0":{"start":{"line":10,"column":2},"end":{"line":10,"column":null}},"1":{"start":{"line":10,"column":17},"end":{"line":10,"column":null}},"2":{"start":{"line":12,"column":2},"end":{"line":21,"column":null}}},"fnMap":{"0":{"name":"PriorityBadge","decl":{"start":{"line":9,"column":24},"end":{"line":9,"column":38}},"loc":{"start":{"line":9,"column":83},"end":{"line":23,"column":null}},"line":9}},"branchMap":{"0":{"loc":{"start":{"line":10,"column":2},"end":{"line":10,"column":null}},"type":"if","locations":[{"start":{"line":10,"column":2},"end":{"line":10,"column":null}},{"start":{},"end":{}}],"line":10}},"s":{"0":6,"1":2,"2":4},"f":{"0":6},"b":{"0":[2,4]},"meta":{"lastBranch":1,"lastFunction":1,"lastStatement":3,"seen":{"f:9:24:9:38":0,"b:10:2:10:Infinity:undefined:undefined:undefined:undefined":0,"s:10:2:10:Infinity":0,"s:10:17:10:Infinity":1,"s:12:2:21:Infinity":2},"fnNames":{}}}
,"C:\\Users\\asus\\OneDrive\\Desktop\\RHOS\\frontend\\src\\components\\common\\ProtectedRoute.tsx": {"path":"C:\\Users\\asus\\OneDrive\\Desktop\\RHOS\\frontend\\src\\components\\common\\ProtectedRoute.tsx","statementMap":{"0":{"start":{"line":10,"column":47},"end":{"line":10,"column":55}},"1":{"start":{"line":11,"column":19},"end":{"line":11,"column":31}},"2":{"start":{"line":13,"column":2},"end":{"line":19,"column":null}},"3":{"start":{"line":14,"column":4},"end":{"line":17,"column":null}},"4":{"start":{"line":21,"column":2},"end":{"line":23,"column":null}},"5":{"start":{"line":22,"column":4},"end":{"line":22,"column":null}},"6":{"start":{"line":26,"column":2},"end":{"line":32,"column":null}},"7":{"start":{"line":27,"column":25},"end":{"line":27,"column":null}},"8":{"start":{"line":28,"column":22},"end":{"line":28,"column":null}},"9":{"start":{"line":28,"column":48},"end":{"line":28,"column":82}},"10":{"start":{"line":29,"column":4},"end":{"line":31,"column":null}},"11":{"start":{"line":30,"column":6},"end":{"line":30,"column":null}},"12":{"start":{"line":34,"column":2},"end":{"line":34,"column":null}}},"fnMap":{"0":{"name":"ProtectedRoute","decl":{"start":{"line":9,"column":24},"end":{"line":9,"column":39}},"loc":{"start":{"line":9,"column":74},"end":{"line":35,"column":null}},"line":9},"1":{"name":"(anonymous_1)","decl":{"start":{"line":28,"column":35},"end":{"line":28,"column":40}},"loc":{"start":{"line":28,"column":48},"end":{"line":28,"column":82}},"line":28}},"branchMap":{"0":{"loc":{"start":{"line":13,"column":2},"end":{"line":19,"column":null}},"type":"if","locations":[{"start":{"line":13,"column":2},"end":{"line":19,"column":null}},{"start":{},"end":{}}],"line":13},"1":{"loc":{"start":{"line":21,"column":2},"end":{"line":23,"column":null}},"type":"if","locations":[{"start":{"line":21,"column":2},"end":{"line":23,"column":null}},{"start":{},"end":{}}],"line":21},"2":{"loc":{"start":{"line":26,"column":2},"end":{"line":32,"column":null}},"type":"if","locations":[{"start":{"line":26,"column":2},"end":{"line":32,"column":null}},{"start":{},"end":{}}],"line":26},"3":{"loc":{"start":{"line":29,"column":4},"end":{"line":31,"column":null}},"type":"if","locations":[{"start":{"line":29,"column":4},"end":{"line":31,"column":null}},{"start":{},"end":{}}],"line":29}},"s":{"0":1,"1":1,"2":1,"3":0,"4":1,"5":0,"6":1,"7":0,"8":0,"9":0,"10":0,"11":0,"12":1},"f":{"0":1,"1":0},"b":{"0":[0,1],"1":[0,1],"2":[0,1],"3":[0,0]},"meta":{"lastBranch":4,"lastFunction":2,"lastStatement":13,"seen":{"f:9:24:9:39":0,"s:10:47:10:55":0,"s:11:19:11:31":1,"b:13:2:19:Infinity:undefined:undefined:undefined:undefined":0,"s:13:2:19:Infinity":2,"s:14:4:17:Infinity":3,"b:21:2:23:Infinity:undefined:undefined:undefined:undefined":1,"s:21:2:23:Infinity":4,"s:22:4:22:Infinity":5,"b:26:2:32:Infinity:undefined:undefined:undefined:undefined":2,"s:26:2:32:Infinity":6,"s:27:25:27:Infinity":7,"s:28:22:28:Infinity":8,"f:28:35:28:40":1,"s:28:48:28:82":9,"b:29:4:31:Infinity:undefined:undefined:undefined:undefined":3,"s:29:4:31:Infinity":10,"s:30:6:30:Infinity":11,"s:34:2:34:Infinity":12},"fnNames":{}}}
,"C:\\Users\\asus\\OneDrive\\Desktop\\RHOS\\frontend\\src\\components\\common\\SafetyDisclaimer.tsx": {"path":"C:\\Users\\asus\\OneDrive\\Desktop\\RHOS\\frontend\\src\\components\\common\\SafetyDisclaimer.tsx","statementMap":{"0":{"start":{"line":10,"column":2},"end":{"line":29,"column":null}},"1":{"start":{"line":11,"column":4},"end":{"line":27,"column":null}},"2":{"start":{"line":31,"column":2},"end":{"line":40,"column":null}}},"fnMap":{"0":{"name":"SafetyDisclaimer","decl":{"start":{"line":9,"column":24},"end":{"line":9,"column":41}},"loc":{"start":{"line":9,"column":97},"end":{"line":42,"column":null}},"line":9}},"branchMap":{"0":{"loc":{"start":{"line":9,"column":54},"end":{"line":9,"column":97}},"type":"default-arg","locations":[{"start":{"line":9,"column":64},"end":{"line":9,"column":97}}],"line":9},"1":{"loc":{"start":{"line":10,"column":2},"end":{"line":29,"column":null}},"type":"if","locations":[{"start":{"line":10,"column":2},"end":{"line":29,"column":null}},{"start":{},"end":{}}],"line":10}},"s":{"0":1,"1":0,"2":1},"f":{"0":1},"b":{"0":[1],"1":[0,1]},"meta":{"lastBranch":2,"lastFunction":1,"lastStatement":3,"seen":{"f:9:24:9:41":0,"b:9:64:9:97":0,"b:10:2:29:Infinity:undefined:undefined:undefined:undefined":1,"s:10:2:29:Infinity":0,"s:11:4:27:Infinity":1,"s:31:2:40:Infinity":2},"fnNames":{}}}
,"C:\\Users\\asus\\OneDrive\\Desktop\\RHOS\\frontend\\src\\components\\common\\SearchBar.tsx": {"path":"C:\\Users\\asus\\OneDrive\\Desktop\\RHOS\\frontend\\src\\components\\common\\SearchBar.tsx","statementMap":{"0":{"start":{"line":19,"column":28},"end":{"line":19,"column":null}},"1":{"start":{"line":20,"column":25},"end":{"line":20,"column":null}},"2":{"start":{"line":22,"column":2},"end":{"line":24,"column":null}},"3":{"start":{"line":23,"column":4},"end":{"line":23,"column":null}},"4":{"start":{"line":26,"column":2},"end":{"line":49,"column":null}},"5":{"start":{"line":37,"column":25},"end":{"line":37,"column":null}},"6":{"start":{"line":43,"column":25},"end":{"line":43,"column":null}}},"fnMap":{"0":{"name":"SearchBar","decl":{"start":{"line":13,"column":24},"end":{"line":13,"column":34}},"loc":{"start":{"line":18,"column":19},"end":{"line":51,"column":null}},"line":18},"1":{"name":"(anonymous_1)","decl":{"start":{"line":22,"column":2},"end":{"line":22,"column":18}},"loc":{"start":{"line":22,"column":18},"end":{"line":24,"column":5}},"line":22},"2":{"name":"(anonymous_2)","decl":{"start":{"line":37,"column":8},"end":{"line":37,"column":19}},"loc":{"start":{"line":37,"column":25},"end":{"line":37,"column":null}},"line":37},"3":{"name":"(anonymous_3)","decl":{"start":{"line":43,"column":10},"end":{"line":43,"column":25}},"loc":{"start":{"line":43,"column":25},"end":{"line":43,"column":null}},"line":43}},"branchMap":{"0":{"loc":{"start":{"line":15,"column":2},"end":{"line":15,"column":null}},"type":"default-arg","locations":[{"start":{"line":15,"column":16},"end":{"line":15,"column":null}}],"line":15},"1":{"loc":{"start":{"line":16,"column":2},"end":{"line":16,"column":null}},"type":"default-arg","locations":[{"start":{"line":16,"column":10},"end":{"line":16,"column":null}}],"line":16},"2":{"loc":{"start":{"line":41,"column":7},"end":{"line":47,"column":null}},"type":"binary-expr","locations":[{"start":{"line":41,"column":7},"end":{"line":41,"column":null}},{"start":{"line":42,"column":8},"end":{"line":47,"column":null}}],"line":41}},"s":{"0":1,"1":1,"2":1,"3":1,"4":1,"5":0,"6":0},"f":{"0":1,"1":1,"2":0,"3":0},"b":{"0":[1],"1":[1],"2":[1,0]},"meta":{"lastBranch":3,"lastFunction":4,"lastStatement":7,"seen":{"f:13:24:13:34":0,"b:15:16:15:Infinity":0,"b:16:10:16:Infinity":1,"s:19:28:19:Infinity":0,"s:20:25:20:Infinity":1,"s:22:2:24:Infinity":2,"f:22:2:22:18":1,"s:23:4:23:Infinity":3,"s:26:2:49:Infinity":4,"f:37:8:37:19":2,"s:37:25:37:Infinity":5,"b:41:7:41:Infinity:42:8:47:Infinity":2,"f:43:10:43:25":3,"s:43:25:43:Infinity":6},"fnNames":{}}}
,"C:\\Users\\asus\\OneDrive\\Desktop\\RHOS\\frontend\\src\\components\\consultation\\AgentProgress.tsx": {"path":"C:\\Users\\asus\\OneDrive\\Desktop\\RHOS\\frontend\\src\\components\\consultation\\AgentProgress.tsx","statementMap":{"0":{"start":{"line":16,"column":2},"end":{"line":61,"column":null}},"1":{"start":{"line":21,"column":28},"end":{"line":21,"column":null}},"2":{"start":{"line":22,"column":30},"end":{"line":22,"column":null}},"3":{"start":{"line":23,"column":27},"end":{"line":23,"column":null}},"4":{"start":{"line":24,"column":29},"end":{"line":24,"column":null}},"5":{"start":{"line":26,"column":10},"end":{"line":57,"column":null}}},"fnMap":{"0":{"name":"AgentProgress","decl":{"start":{"line":15,"column":24},"end":{"line":15,"column":38}},"loc":{"start":{"line":15,"column":81},"end":{"line":63,"column":null}},"line":15},"1":{"name":"(anonymous_1)","decl":{"start":{"line":20,"column":16},"end":{"line":20,"column":21}},"loc":{"start":{"line":20,"column":31},"end":{"line":59,"column":9}},"line":20}},"branchMap":{"0":{"loc":{"start":{"line":29,"column":17},"end":{"line":38,"column":null}},"type":"cond-expr","locations":[{"start":{"line":30,"column":18},"end":{"line":31,"column":null}},{"start":{"line":31,"column":20},"end":{"line":38,"column":null}}],"line":29},"1":{"loc":{"start":{"line":31,"column":20},"end":{"line":38,"column":null}},"type":"cond-expr","locations":[{"start":{"line":32,"column":18},"end":{"line":33,"column":null}},{"start":{"line":33,"column":20},"end":{"line":38,"column":null}}],"line":31},"2":{"loc":{"start":{"line":33,"column":20},"end":{"line":38,"column":null}},"type":"cond-expr","locations":[{"start":{"line":34,"column":18},"end":{"line":35,"column":null}},{"start":{"line":35,"column":20},"end":{"line":38,"column":null}}],"line":33},"3":{"loc":{"start":{"line":35,"column":20},"end":{"line":38,"column":null}},"type":"cond-expr","locations":[{"start":{"line":36,"column":18},"end":{"line":38,"column":19}},{"start":{"line":38,"column":18},"end":{"line":38,"column":null}}],"line":35},"4":{"loc":{"start":{"line":45,"column":20},"end":{"line":45,"column":null}},"type":"binary-expr","locations":[{"start":{"line":45,"column":20},"end":{"line":45,"column":33}},{"start":{"line":45,"column":33},"end":{"line":45,"column":null}}],"line":45},"5":{"loc":{"start":{"line":46,"column":20},"end":{"line":46,"column":null}},"type":"binary-expr","locations":[{"start":{"line":46,"column":20},"end":{"line":46,"column":35}},{"start":{"line":46,"column":35},"end":{"line":46,"column":null}}],"line":46},"6":{"loc":{"start":{"line":51,"column":17},"end":{"line":56,"column":null}},"type":"binary-expr","locations":[{"start":{"line":51,"column":17},"end":{"line":51,"column":null}},{"start":{"line":52,"column":18},"end":{"line":56,"column":null}}],"line":51}},"s":{"0":1,"1":3,"2":3,"3":3,"4":3,"5":3},"f":{"0":1,"1":3},"b":{"0":[1,2],"1":[1,1],"2":[0,1],"3":[0,1],"4":[3,1],"5":[3,1],"6":[3,2]},"meta":{"lastBranch":7,"lastFunction":2,"lastStatement":6,"seen":{"f:15:24:15:38":0,"s:16:2:61:Infinity":0,"f:20:16:20:21":1,"s:21:28:21:Infinity":1,"s:22:30:22:Infinity":2,"s:23:27:23:Infinity":3,"s:24:29:24:Infinity":4,"s:26:10:57:Infinity":5,"b:30:18:31:Infinity:31:20:38:Infinity":0,"b:32:18:33:Infinity:33:20:38:Infinity":1,"b:34:18:35:Infinity:35:20:38:Infinity":2,"b:36:18:38:19:38:18:38:Infinity":3,"b:45:20:45:33:45:33:45:Infinity":4,"b:46:20:46:35:46:35:46:Infinity":5,"b:51:17:51:Infinity:52:18:56:Infinity":6},"fnNames":{}}}
,"C:\\Users\\asus\\OneDrive\\Desktop\\RHOS\\frontend\\src\\components\\consultation\\ChatInput.tsx": {"path":"C:\\Users\\asus\\OneDrive\\Desktop\\RHOS\\frontend\\src\\components\\consultation\\ChatInput.tsx","statementMap":{"0":{"start":{"line":21,"column":26},"end":{"line":21,"column":null}},"1":{"start":{"line":22,"column":23},"end":{"line":22,"column":null}},"2":{"start":{"line":24,"column":8},"end":{"line":29,"column":null}},"3":{"start":{"line":25,"column":4},"end":{"line":25,"column":null}},"4":{"start":{"line":26,"column":4},"end":{"line":26,"column":null}},"5":{"start":{"line":26,"column":34},"end":{"line":26,"column":null}},"6":{"start":{"line":27,"column":4},"end":{"line":27,"column":null}},"7":{"start":{"line":28,"column":4},"end":{"line":28,"column":null}},"8":{"start":{"line":31,"column":8},"end":{"line":36,"column":null}},"9":{"start":{"line":32,"column":17},"end":{"line":32,"column":null}},"10":{"start":{"line":33,"column":4},"end":{"line":35,"column":null}},"11":{"start":{"line":34,"column":6},"end":{"line":34,"column":null}},"12":{"start":{"line":38,"column":2},"end":{"line":95,"column":null}},"13":{"start":{"line":60,"column":27},"end":{"line":60,"column":null}},"14":{"start":{"line":77,"column":29},"end":{"line":77,"column":null}}},"fnMap":{"0":{"name":"ChatInput","decl":{"start":{"line":14,"column":24},"end":{"line":14,"column":34}},"loc":{"start":{"line":20,"column":19},"end":{"line":97,"column":null}},"line":20},"1":{"name":"(anonymous_1)","decl":{"start":{"line":24,"column":8},"end":{"line":24,"column":24}},"loc":{"start":{"line":24,"column":47},"end":{"line":29,"column":null}},"line":24},"2":{"name":"(anonymous_2)","decl":{"start":{"line":31,"column":8},"end":{"line":31,"column":28}},"loc":{"start":{"line":31,"column":71},"end":{"line":36,"column":null}},"line":31},"3":{"name":"(anonymous_3)","decl":{"start":{"line":60,"column":10},"end":{"line":60,"column":21}},"loc":{"start":{"line":60,"column":27},"end":{"line":60,"column":null}},"line":60},"4":{"name":"(anonymous_4)","decl":{"start":{"line":77,"column":14},"end":{"line":77,"column":29}},"loc":{"start":{"line":77,"column":29},"end":{"line":77,"column":null}},"line":77}},"branchMap":{"0":{"loc":{"start":{"line":17,"column":2},"end":{"line":17,"column":null}},"type":"default-arg","locations":[{"start":{"line":17,"column":13},"end":{"line":17,"column":null}}],"line":17},"1":{"loc":{"start":{"line":18,"column":2},"end":{"line":18,"column":null}},"type":"default-arg","locations":[{"start":{"line":18,"column":16},"end":{"line":18,"column":null}}],"line":18},"2":{"loc":{"start":{"line":26,"column":4},"end":{"line":26,"column":null}},"type":"if","locations":[{"start":{"line":26,"column":4},"end":{"line":26,"column":null}},{"start":{},"end":{}}],"line":26},"3":{"loc":{"start":{"line":26,"column":8},"end":{"line":26,"column":34}},"type":"binary-expr","locations":[{"start":{"line":26,"column":8},"end":{"line":26,"column":24}},{"start":{"line":26,"column":24},"end":{"line":26,"column":34}}],"line":26},"4":{"loc":{"start":{"line":33,"column":4},"end":{"line":35,"column":null}},"type":"if","locations":[{"start":{"line":33,"column":4},"end":{"line":35,"column":null}},{"start":{},"end":{}}],"line":33},"5":{"loc":{"start":{"line":33,"column":8},"end":{"line":33,"column":31}},"type":"binary-expr","locations":[{"start":{"line":33,"column":8},"end":{"line":33,"column":16}},{"start":{"line":33,"column":16},"end":{"line":33,"column":31}}],"line":33},"6":{"loc":{"start":{"line":41,"column":9},"end":{"line":54,"column":null}},"type":"binary-expr","locations":[{"start":{"line":41,"column":9},"end":{"line":41,"column":null}},{"start":{"line":42,"column":10},"end":{"line":54,"column":null}}],"line":41},"7":{"loc":{"start":{"line":47,"column":14},"end":{"line":49,"column":null}},"type":"cond-expr","locations":[{"start":{"line":48,"column":18},"end":{"line":48,"column":null}},{"start":{"line":49,"column":18},"end":{"line":49,"column":null}}],"line":47},"8":{"loc":{"start":{"line":51,"column":19},"end":{"line":51,"column":null}},"type":"cond-expr","locations":[{"start":{"line":51,"column":33},"end":{"line":51,"column":52}},{"start":{"line":51,"column":52},"end":{"line":51,"column":null}}],"line":51},"9":{"loc":{"start":{"line":53,"column":13},"end":{"line":53,"column":null}},"type":"cond-expr","locations":[{"start":{"line":53,"column":27},"end":{"line":53,"column":61}},{"start":{"line":53,"column":60},"end":{"line":53,"column":null}}],"line":53},"10":{"loc":{"start":{"line":66,"column":9},"end":{"line":84,"column":null}},"type":"binary-expr","locations":[{"start":{"line":66,"column":9},"end":{"line":66,"column":null}},{"start":{"line":67,"column":10},"end":{"line":84,"column":null}}],"line":66},"11":{"loc":{"start":{"line":89,"column":20},"end":{"line":89,"column":null}},"type":"binary-expr","locations":[{"start":{"line":89,"column":20},"end":{"line":89,"column":36}},{"start":{"line":89,"column":36},"end":{"line":89,"column":null}}],"line":89}},"s":{"0":8,"1":8,"2":8,"3":2,"4":2,"5":1,"6":1,"7":1,"8":8,"9":1,"10":1,"11":1,"12":8,"13":2,"14":0},"f":{"0":8,"1":2,"2":1,"3":2,"4":0},"b":{"0":[8],"1":[8],"2":[1,1],"3":[2,1],"4":[1,0],"5":[1,1],"6":[8,1],"7":[0,1],"8":[0,1],"9":[0,1],"10":[8,1],"11":[8,1]},"meta":{"lastBranch":12,"lastFunction":5,"lastStatement":15,"seen":{"f:14:24:14:34":0,"b:17:13:17:Infinity":0,"b:18:16:18:Infinity":1,"s:21:26:21:Infinity":0,"s:22:23:22:Infinity":1,"s:24:8:29:Infinity":2,"f:24:8:24:24":1,"s:25:4:25:Infinity":3,"b:26:4:26:Infinity:undefined:undefined:undefined:undefined":2,"s:26:4:26:Infinity":4,"b:26:8:26:24:26:24:26:34":3,"s:26:34:26:Infinity":5,"s:27:4:27:Infinity":6,"s:28:4:28:Infinity":7,"s:31:8:36:Infinity":8,"f:31:8:31:28":2,"s:32:17:32:Infinity":9,"b:33:4:35:Infinity:undefined:undefined:undefined:undefined":4,"s:33:4:35:Infinity":10,"b:33:8:33:16:33:16:33:31":5,"s:34:6:34:Infinity":11,"s:38:2:95:Infinity":12,"b:41:9:41:Infinity:42:10:54:Infinity":6,"b:48:18:48:Infinity:49:18:49:Infinity":7,"b:51:33:51:52:51:52:51:Infinity":8,"b:53:27:53:61:53:60:53:Infinity":9,"f:60:10:60:21":3,"s:60:27:60:Infinity":13,"b:66:9:66:Infinity:67:10:84:Infinity":10,"f:77:14:77:29":4,"s:77:29:77:Infinity":14,"b:89:20:89:36:89:36:89:Infinity":11},"fnNames":{}}}
,"C:\\Users\\asus\\OneDrive\\Desktop\\RHOS\\frontend\\src\\components\\consultation\\ChatMessage.tsx": {"path":"C:\\Users\\asus\\OneDrive\\Desktop\\RHOS\\frontend\\src\\components\\consultation\\ChatMessage.tsx","statementMap":{"0":{"start":{"line":10,"column":20},"end":{"line":10,"column":null}},"1":{"start":{"line":11,"column":19},"end":{"line":11,"column":null}},"2":{"start":{"line":13,"column":2},"end":{"line":67,"column":null}}},"fnMap":{"0":{"name":"ChatMessage","decl":{"start":{"line":9,"column":24},"end":{"line":9,"column":36}},"loc":{"start":{"line":9,"column":67},"end":{"line":69,"column":null}},"line":9}},"branchMap":{"0":{"loc":{"start":{"line":17,"column":8},"end":{"line":17,"column":null}},"type":"binary-expr","locations":[{"start":{"line":17,"column":8},"end":{"line":17,"column":21}},{"start":{"line":17,"column":21},"end":{"line":17,"column":null}}],"line":17},"1":{"loc":{"start":{"line":23,"column":10},"end":{"line":27,"column":null}},"type":"cond-expr","locations":[{"start":{"line":24,"column":14},"end":{"line":24,"column":null}},{"start":{"line":25,"column":14},"end":{"line":27,"column":null}}],"line":23},"2":{"loc":{"start":{"line":25,"column":14},"end":{"line":27,"column":null}},"type":"cond-expr","locations":[{"start":{"line":26,"column":14},"end":{"line":26,"column":null}},{"start":{"line":27,"column":14},"end":{"line":27,"column":null}}],"line":25},"3":{"loc":{"start":{"line":30,"column":9},"end":{"line":35,"column":null}},"type":"cond-expr","locations":[{"start":{"line":31,"column":10},"end":{"line":32,"column":null}},{"start":{"line":32,"column":12},"end":{"line":35,"column":null}}],"line":30},"4":{"loc":{"start":{"line":32,"column":12},"end":{"line":35,"column":null}},"type":"cond-expr","locations":[{"start":{"line":33,"column":10},"end":{"line":35,"column":11}},{"start":{"line":35,"column":10},"end":{"line":35,"column":null}}],"line":32},"5":{"loc":{"start":{"line":42,"column":10},"end":{"line":46,"column":null}},"type":"cond-expr","locations":[{"start":{"line":43,"column":14},"end":{"line":43,"column":null}},{"start":{"line":44,"column":14},"end":{"line":46,"column":null}}],"line":42},"6":{"loc":{"start":{"line":44,"column":14},"end":{"line":46,"column":null}},"type":"cond-expr","locations":[{"start":{"line":45,"column":14},"end":{"line":45,"column":null}},{"start":{"line":46,"column":14},"end":{"line":46,"column":null}}],"line":44},"7":{"loc":{"start":{"line":49,"column":9},"end":{"line":52,"column":null}},"type":"binary-expr","locations":[{"start":{"line":49,"column":9},"end":{"line":49,"column":30}},{"start":{"line":49,"column":30},"end":{"line":49,"column":null}},{"start":{"line":50,"column":10},"end":{"line":52,"column":null}}],"line":49},"8":{"loc":{"start":{"line":58,"column":12},"end":{"line":58,"column":null}},"type":"cond-expr","locations":[{"start":{"line":58,"column":24},"end":{"line":58,"column":39}},{"start":{"line":58,"column":39},"end":{"line":58,"column":null}}],"line":58}},"s":{"0":3,"1":3,"2":3},"f":{"0":3},"b":{"0":[3,1],"1":[1,2],"2":[1,1],"3":[1,2],"4":[1,1],"5":[1,2],"6":[1,1],"7":[3,1,1],"8":[1,2]},"meta":{"lastBranch":9,"lastFunction":1,"lastStatement":3,"seen":{"f:9:24:9:36":0,"s:10:20:10:Infinity":0,"s:11:19:11:Infinity":1,"s:13:2:67:Infinity":2,"b:17:8:17:21:17:21:17:Infinity":0,"b:24:14:24:Infinity:25:14:27:Infinity":1,"b:26:14:26:Infinity:27:14:27:Infinity":2,"b:31:10:32:Infinity:32:12:35:Infinity":3,"b:33:10:35:11:35:10:35:Infinity":4,"b:43:14:43:Infinity:44:14:46:Infinity":5,"b:45:14:45:Infinity:46:14:46:Infinity":6,"b:49:9:49:30:49:30:49:Infinity:50:10:52:Infinity":7,"b:58:24:58:39:58:39:58:Infinity":8},"fnNames":{}}}
,"C:\\Users\\asus\\OneDrive\\Desktop\\RHOS\\frontend\\src\\components\\consultation\\ImageUpload.tsx": {"path":"C:\\Users\\asus\\OneDrive\\Desktop\\RHOS\\frontend\\src\\components\\consultation\\ImageUpload.tsx","statementMap":{"0":{"start":{"line":13,"column":38},"end":{"line":13,"column":null}},"1":{"start":{"line":14,"column":38},"end":{"line":14,"column":null}},"2":{"start":{"line":16,"column":8},"end":{"line":24,"column":null}},"3":{"start":{"line":17,"column":4},"end":{"line":17,"column":null}},"4":{"start":{"line":18,"column":4},"end":{"line":18,"column":null}},"5":{"start":{"line":19,"column":4},"end":{"line":23,"column":null}},"6":{"start":{"line":20,"column":6},"end":{"line":20,"column":null}},"7":{"start":{"line":21,"column":11},"end":{"line":23,"column":null}},"8":{"start":{"line":22,"column":6},"end":{"line":22,"column":null}},"9":{"start":{"line":26,"column":8},"end":{"line":36,"column":null}},"10":{"start":{"line":27,"column":4},"end":{"line":27,"column":null}},"11":{"start":{"line":28,"column":4},"end":{"line":28,"column":null}},"12":{"start":{"line":29,"column":4},"end":{"line":29,"column":null}},"13":{"start":{"line":31,"column":4},"end":{"line":35,"column":null}},"14":{"start":{"line":32,"column":19},"end":{"line":32,"column":null}},"15":{"start":{"line":33,"column":6},"end":{"line":33,"column":null}},"16":{"start":{"line":34,"column":6},"end":{"line":34,"column":null}},"17":{"start":{"line":38,"column":8},"end":{"line":44,"column":null}},"18":{"start":{"line":39,"column":4},"end":{"line":43,"column":null}},"19":{"start":{"line":40,"column":19},"end":{"line":40,"column":null}},"20":{"start":{"line":41,"column":6},"end":{"line":41,"column":null}},"21":{"start":{"line":42,"column":6},"end":{"line":42,"column":null}},"22":{"start":{"line":46,"column":8},"end":{"line":48,"column":null}},"23":{"start":{"line":47,"column":4},"end":{"line":47,"column":null}},"24":{"start":{"line":50,"column":2},"end":{"line":96,"column":null}}},"fnMap":{"0":{"name":"ImageUpload","decl":{"start":{"line":12,"column":24},"end":{"line":12,"column":36}},"loc":{"start":{"line":12,"column":98},"end":{"line":98,"column":null}},"line":12},"1":{"name":"(anonymous_1)","decl":{"start":{"line":16,"column":8},"end":{"line":16,"column":22}},"loc":{"start":{"line":16,"column":45},"end":{"line":24,"column":null}},"line":16},"2":{"name":"(anonymous_2)","decl":{"start":{"line":26,"column":8},"end":{"line":26,"column":22}},"loc":{"start":{"line":26,"column":45},"end":{"line":36,"column":null}},"line":26},"3":{"name":"(anonymous_3)","decl":{"start":{"line":38,"column":8},"end":{"line":38,"column":28}},"loc":{"start":{"line":38,"column":71},"end":{"line":44,"column":null}},"line":38},"4":{"name":"(anonymous_4)","decl":{"start":{"line":46,"column":8},"end":{"line":46,"column":28}},"loc":{"start":{"line":46,"column":28},"end":{"line":48,"column":null}},"line":46}},"branchMap":{"0":{"loc":{"start":{"line":12,"column":48},"end":{"line":12,"column":67}},"type":"default-arg","locations":[{"start":{"line":12,"column":60},"end":{"line":12,"column":67}}],"line":12},"1":{"loc":{"start":{"line":19,"column":4},"end":{"line":23,"column":null}},"type":"if","locations":[{"start":{"line":19,"column":4},"end":{"line":23,"column":null}},{"start":{"line":21,"column":11},"end":{"line":23,"column":null}}],"line":19},"2":{"loc":{"start":{"line":19,"column":8},"end":{"line":19,"column":57}},"type":"binary-expr","locations":[{"start":{"line":19,"column":8},"end":{"line":19,"column":34}},{"start":{"line":19,"column":34},"end":{"line":19,"column":57}}],"line":19},"3":{"loc":{"start":{"line":21,"column":11},"end":{"line":23,"column":null}},"type":"if","locations":[{"start":{"line":21,"column":11},"end":{"line":23,"column":null}},{"start":{},"end":{}}],"line":21},"4":{"loc":{"start":{"line":31,"column":4},"end":{"line":35,"column":null}},"type":"if","locations":[{"start":{"line":31,"column":4},"end":{"line":35,"column":null}},{"start":{},"end":{}}],"line":31},"5":{"loc":{"start":{"line":31,"column":8},"end":{"line":31,"column":57}},"type":"binary-expr","locations":[{"start":{"line":31,"column":8},"end":{"line":31,"column":32}},{"start":{"line":31,"column":32},"end":{"line":31,"column":57}}],"line":31},"6":{"loc":{"start":{"line":39,"column":4},"end":{"line":43,"column":null}},"type":"if","locations":[{"start":{"line":39,"column":4},"end":{"line":43,"column":null}},{"start":{},"end":{}}],"line":39},"7":{"loc":{"start":{"line":39,"column":8},"end":{"line":39,"column":45}},"type":"binary-expr","locations":[{"start":{"line":39,"column":8},"end":{"line":39,"column":26}},{"start":{"line":39,"column":26},"end":{"line":39,"column":45}}],"line":39},"8":{"loc":{"start":{"line":52,"column":7},"end":{"line":94,"column":null}},"type":"cond-expr","locations":[{"start":{"line":53,"column":8},"end":{"line":77,"column":9}},{"start":{"line":77,"column":8},"end":{"line":94,"column":null}}],"line":52},"9":{"loc":{"start":{"line":60,"column":12},"end":{"line":62,"column":null}},"type":"cond-expr","locations":[{"start":{"line":61,"column":16},"end":{"line":61,"column":null}},{"start":{"line":62,"column":16},"end":{"line":62,"column":null}}],"line":60}},"s":{"0":2,"1":2,"2":2,"3":0,"4":0,"5":0,"6":0,"7":0,"8":0,"9":2,"10":0,"11":0,"12":0,"13":0,"14":0,"15":0,"16":0,"17":2,"18":1,"19":1,"20":1,"21":1,"22":2,"23":0,"24":2},"f":{"0":2,"1":0,"2":0,"3":1,"4":0},"b":{"0":[2],"1":[0,0],"2":[0,0],"3":[0,0],"4":[0,0],"5":[0,0],"6":[1,0],"7":[1,1],"8":[1,1],"9":[0,1]},"meta":{"lastBranch":10,"lastFunction":5,"lastStatement":25,"seen":{"f:12:24:12:36":0,"b:12:60:12:67":0,"s:13:38:13:Infinity":0,"s:14:38:14:Infinity":1,"s:16:8:24:Infinity":2,"f:16:8:16:22":1,"s:17:4:17:Infinity":3,"s:18:4:18:Infinity":4,"b:19:4:23:Infinity:21:11:23:Infinity":1,"s:19:4:23:Infinity":5,"b:19:8:19:34:19:34:19:57":2,"s:20:6:20:Infinity":6,"b:21:11:23:Infinity:undefined:undefined:undefined:undefined":3,"s:21:11:23:Infinity":7,"s:22:6:22:Infinity":8,"s:26:8:36:Infinity":9,"f:26:8:26:22":2,"s:27:4:27:Infinity":10,"s:28:4:28:Infinity":11,"s:29:4:29:Infinity":12,"b:31:4:35:Infinity:undefined:undefined:undefined:undefined":4,"s:31:4:35:Infinity":13,"b:31:8:31:32:31:32:31:57":5,"s:32:19:32:Infinity":14,"s:33:6:33:Infinity":15,"s:34:6:34:Infinity":16,"s:38:8:44:Infinity":17,"f:38:8:38:28":3,"b:39:4:43:Infinity:undefined:undefined:undefined:undefined":6,"s:39:4:43:Infinity":18,"b:39:8:39:26:39:26:39:45":7,"s:40:19:40:Infinity":19,"s:41:6:41:Infinity":20,"s:42:6:42:Infinity":21,"s:46:8:48:Infinity":22,"f:46:8:46:28":4,"s:47:4:47:Infinity":23,"s:50:2:96:Infinity":24,"b:53:8:77:9:77:8:94:Infinity":8,"b:61:16:61:Infinity:62:16:62:Infinity":9},"fnNames":{}}}
,"C:\\Users\\asus\\OneDrive\\Desktop\\RHOS\\frontend\\src\\components\\consultation\\PatientSummary.tsx": {"path":"C:\\Users\\asus\\OneDrive\\Desktop\\RHOS\\frontend\\src\\components\\consultation\\PatientSummary.tsx","statementMap":{"0":{"start":{"line":12,"column":2},"end":{"line":12,"column":null}},"1":{"start":{"line":12,"column":16},"end":{"line":12,"column":null}},"2":{"start":{"line":14,"column":2},"end":{"line":53,"column":null}},"3":{"start":{"line":21,"column":44},"end":{"line":21,"column":48}}},"fnMap":{"0":{"name":"PatientSummary","decl":{"start":{"line":11,"column":24},"end":{"line":11,"column":39}},"loc":{"start":{"line":11,"column":100},"end":{"line":55,"column":null}},"line":11},"1":{"name":"(anonymous_1)","decl":{"start":{"line":21,"column":35},"end":{"line":21,"column":39}},"loc":{"start":{"line":21,"column":44},"end":{"line":21,"column":48}},"line":21}},"branchMap":{"0":{"loc":{"start":{"line":12,"column":2},"end":{"line":12,"column":null}},"type":"if","locations":[{"start":{"line":12,"column":2},"end":{"line":12,"column":null}},{"start":{},"end":{}}],"line":12},"1":{"loc":{"start":{"line":26,"column":59},"end":{"line":26,"column":null}},"type":"binary-expr","locations":[{"start":{"line":26,"column":59},"end":{"line":26,"column":82}},{"start":{"line":26,"column":82},"end":{"line":26,"column":null}}],"line":26},"2":{"loc":{"start":{"line":47,"column":7},"end":{"line":51,"column":null}},"type":"binary-expr","locations":[{"start":{"line":47,"column":7},"end":{"line":47,"column":null}},{"start":{"line":48,"column":8},"end":{"line":51,"column":null}}],"line":47}},"s":{"0":1,"1":0,"2":1,"3":2},"f":{"0":1,"1":2},"b":{"0":[0,1],"1":[1,0],"2":[1,1]},"meta":{"lastBranch":3,"lastFunction":2,"lastStatement":4,"seen":{"f:11:24:11:39":0,"b:12:2:12:Infinity:undefined:undefined:undefined:undefined":0,"s:12:2:12:Infinity":0,"s:12:16:12:Infinity":1,"s:14:2:53:Infinity":2,"f:21:35:21:39":1,"s:21:44:21:48":3,"b:26:59:26:82:26:82:26:Infinity":1,"b:47:7:47:Infinity:48:8:51:Infinity":2},"fnNames":{}}}
,"C:\\Users\\asus\\OneDrive\\Desktop\\RHOS\\frontend\\src\\components\\dashboard\\PatientQueue.tsx": {"path":"C:\\Users\\asus\\OneDrive\\Desktop\\RHOS\\frontend\\src\\components\\dashboard\\PatientQueue.tsx","statementMap":{"0":{"start":{"line":21,"column":2},"end":{"line":68,"column":null}},"1":{"start":{"line":41,"column":12},"end":{"line":64,"column":null}}},"fnMap":{"0":{"name":"PatientQueue","decl":{"start":{"line":20,"column":24},"end":{"line":20,"column":37}},"loc":{"start":{"line":20,"column":81},"end":{"line":70,"column":null}},"line":20},"1":{"name":"(anonymous_1)","decl":{"start":{"line":40,"column":20},"end":{"line":40,"column":25}},"loc":{"start":{"line":41,"column":12},"end":{"line":64,"column":null}},"line":41}},"branchMap":{"0":{"loc":{"start":{"line":33,"column":7},"end":{"line":68,"column":null}},"type":"cond-expr","locations":[{"start":{"line":34,"column":8},"end":{"line":39,"column":9}},{"start":{"line":39,"column":8},"end":{"line":68,"column":null}}],"line":33}},"s":{"0":2,"1":1},"f":{"0":2,"1":1},"b":{"0":[1,1]},"meta":{"lastBranch":1,"lastFunction":2,"lastStatement":2,"seen":{"f:20:24:20:37":0,"s:21:2:68:Infinity":0,"b:34:8:39:9:39:8:68:Infinity":0,"f:40:20:40:25":1,"s:41:12:64:Infinity":1},"fnNames":{}}}
,"C:\\Users\\asus\\OneDrive\\Desktop\\RHOS\\frontend\\src\\components\\dashboard\\QuickActions.tsx": {"path":"C:\\Users\\asus\\OneDrive\\Desktop\\RHOS\\frontend\\src\\components\\dashboard\\QuickActions.tsx","statementMap":{"0":{"start":{"line":15,"column":30},"end":{"line":48,"column":null}},"1":{"start":{"line":55,"column":2},"end":{"line":74,"column":null}},"2":{"start":{"line":58,"column":8},"end":{"line":72,"column":null}}},"fnMap":{"0":{"name":"QuickActions","decl":{"start":{"line":54,"column":24},"end":{"line":54,"column":37}},"loc":{"start":{"line":54,"column":71},"end":{"line":76,"column":null}},"line":54},"1":{"name":"(anonymous_1)","decl":{"start":{"line":57,"column":15},"end":{"line":57,"column":20}},"loc":{"start":{"line":58,"column":8},"end":{"line":72,"column":null}},"line":58}},"branchMap":{},"s":{"0":1,"1":1,"2":4},"f":{"0":1,"1":4},"b":{},"meta":{"lastBranch":0,"lastFunction":2,"lastStatement":3,"seen":{"s:15:30:48:Infinity":0,"f:54:24:54:37":0,"s:55:2:74:Infinity":1,"f:57:15:57:20":1,"s:58:8:72:Infinity":2},"fnNames":{}}}
,"C:\\Users\\asus\\OneDrive\\Desktop\\RHOS\\frontend\\src\\components\\dashboard\\RecentConsultations.tsx": {"path":"C:\\Users\\asus\\OneDrive\\Desktop\\RHOS\\frontend\\src\\components\\dashboard\\RecentConsultations.tsx","statementMap":{"0":{"start":{"line":12,"column":2},"end":{"line":70,"column":null}},"1":{"start":{"line":32,"column":12},"end":{"line":66,"column":null}}},"fnMap":{"0":{"name":"RecentConsultations","decl":{"start":{"line":11,"column":24},"end":{"line":11,"column":44}},"loc":{"start":{"line":11,"column":100},"end":{"line":72,"column":null}},"line":11},"1":{"name":"(anonymous_1)","decl":{"start":{"line":31,"column":37},"end":{"line":31,"column":42}},"loc":{"start":{"line":32,"column":12},"end":{"line":66,"column":null}},"line":32}},"branchMap":{"0":{"loc":{"start":{"line":24,"column":7},"end":{"line":70,"column":null}},"type":"cond-expr","locations":[{"start":{"line":25,"column":8},"end":{"line":30,"column":9}},{"start":{"line":30,"column":8},"end":{"line":70,"column":null}}],"line":24},"1":{"loc":{"start":{"line":39,"column":21},"end":{"line":39,"column":null}},"type":"binary-expr","locations":[{"start":{"line":39,"column":21},"end":{"line":39,"column":45}},{"start":{"line":39,"column":45},"end":{"line":39,"column":null}}],"line":39},"2":{"loc":{"start":{"line":41,"column":19},"end":{"line":46,"column":null}},"type":"binary-expr","locations":[{"start":{"line":41,"column":19},"end":{"line":41,"column":null}},{"start":{"line":42,"column":20},"end":{"line":46,"column":null}}],"line":41},"3":{"loc":{"start":{"line":48,"column":19},"end":{"line":48,"column":null}},"type":"binary-expr","locations":[{"start":{"line":48,"column":19},"end":{"line":48,"column":46}},{"start":{"line":48,"column":46},"end":{"line":48,"column":null}}],"line":48},"4":{"loc":{"start":{"line":53,"column":17},"end":{"line":59,"column":17}},"type":"binary-expr","locations":[{"start":{"line":53,"column":17},"end":{"line":53,"column":null}},{"start":{"line":54,"column":18},"end":{"line":59,"column":17}}],"line":53}},"s":{"0":2,"1":1},"f":{"0":2,"1":1},"b":{"0":[1,1],"1":[1,0],"2":[1,1],"3":[1,0],"4":[1,1]},"meta":{"lastBranch":5,"lastFunction":2,"lastStatement":2,"seen":{"f:11:24:11:44":0,"s:12:2:70:Infinity":0,"b:25:8:30:9:30:8:70:Infinity":0,"f:31:37:31:42":1,"s:32:12:66:Infinity":1,"b:39:21:39:45:39:45:39:Infinity":1,"b:41:19:41:Infinity:42:20:46:Infinity":2,"b:48:19:48:46:48:46:48:Infinity":3,"b:53:17:53:Infinity:54:18:59:17":4},"fnNames":{}}}
,"C:\\Users\\asus\\OneDrive\\Desktop\\RHOS\\frontend\\src\\components\\forms\\ConsultationForm.tsx": {"path":"C:\\Users\\asus\\OneDrive\\Desktop\\RHOS\\frontend\\src\\components\\forms\\ConsultationForm.tsx","statementMap":{"0":{"start":{"line":6,"column":27},"end":{"line":9,"column":null}},"1":{"start":{"line":24,"column":6},"end":{"line":30,"column":null}},"2":{"start":{"line":32,"column":2},"end":{"line":70,"column":null}}},"fnMap":{"0":{"name":"ConsultationForm","decl":{"start":{"line":19,"column":24},"end":{"line":19,"column":41}},"loc":{"start":{"line":19,"column":113},"end":{"line":72,"column":null}},"line":19}},"branchMap":{"0":{"loc":{"start":{"line":19,"column":53},"end":{"line":19,"column":69}},"type":"default-arg","locations":[{"start":{"line":19,"column":65},"end":{"line":19,"column":69}}],"line":19},"1":{"loc":{"start":{"line":19,"column":69},"end":{"line":19,"column":113}},"type":"default-arg","locations":[{"start":{"line":19,"column":81},"end":{"line":19,"column":113}}],"line":19},"2":{"loc":{"start":{"line":41,"column":20},"end":{"line":41,"column":null}},"type":"binary-expr","locations":[{"start":{"line":41,"column":20},"end":{"line":41,"column":33}},{"start":{"line":41,"column":33},"end":{"line":41,"column":null}}],"line":41},"3":{"loc":{"start":{"line":43,"column":9},"end":{"line":43,"column":null}},"type":"binary-expr","locations":[{"start":{"line":43,"column":9},"end":{"line":43,"column":30}},{"start":{"line":43,"column":30},"end":{"line":43,"column":null}}],"line":43},"4":{"loc":{"start":{"line":55,"column":9},"end":{"line":55,"column":null}},"type":"binary-expr","locations":[{"start":{"line":55,"column":9},"end":{"line":55,"column":35}},{"start":{"line":55,"column":35},"end":{"line":55,"column":null}}],"line":55},"5":{"loc":{"start":{"line":63,"column":9},"end":{"line":67,"column":null}},"type":"cond-expr","locations":[{"start":{"line":64,"column":10},"end":{"line":66,"column":11}},{"start":{"line":66,"column":10},"end":{"line":67,"column":null}}],"line":63}},"s":{"0":1,"1":2,"2":2},"f":{"0":2},"b":{"0":[2],"1":[2],"2":[2,2],"3":[2,0],"4":[2,0],"5":[0,2]},"meta":{"lastBranch":6,"lastFunction":1,"lastStatement":3,"seen":{"s:6:27:9:Infinity":0,"f:19:24:19:41":0,"b:19:65:19:69":0,"b:19:81:19:113":1,"s:24:6:30:Infinity":1,"s:32:2:70:Infinity":2,"b:41:20:41:33:41:33:41:Infinity":2,"b:43:9:43:30:43:30:43:Infinity":3,"b:55:9:55:35:55:35:55:Infinity":4,"b:64:10:66:11:66:10:67:Infinity":5},"fnNames":{}}}
,"C:\\Users\\asus\\OneDrive\\Desktop\\RHOS\\frontend\\src\\components\\forms\\PatientForm.tsx": {"path":"C:\\Users\\asus\\OneDrive\\Desktop\\RHOS\\frontend\\src\\components\\forms\\PatientForm.tsx","statementMap":{"0":{"start":{"line":7,"column":22},"end":{"line":16,"column":null}},"1":{"start":{"line":31,"column":6},"end":{"line":42,"column":null}},"2":{"start":{"line":44,"column":2},"end":{"line":162,"column":null}},"3":{"start":{"line":80,"column":14},"end":{"line":82,"column":null}},"4":{"start":{"line":97,"column":14},"end":{"line":99,"column":null}}},"fnMap":{"0":{"name":"PatientForm","decl":{"start":{"line":26,"column":24},"end":{"line":26,"column":36}},"loc":{"start":{"line":26,"column":102},"end":{"line":164,"column":null}},"line":26},"1":{"name":"(anonymous_1)","decl":{"start":{"line":79,"column":21},"end":{"line":79,"column":26}},"loc":{"start":{"line":80,"column":14},"end":{"line":82,"column":null}},"line":80},"2":{"name":"(anonymous_2)","decl":{"start":{"line":96,"column":26},"end":{"line":96,"column":31}},"loc":{"start":{"line":97,"column":14},"end":{"line":99,"column":null}},"line":97}},"branchMap":{"0":{"loc":{"start":{"line":26,"column":63},"end":{"line":26,"column":102}},"type":"default-arg","locations":[{"start":{"line":26,"column":75},"end":{"line":26,"column":102}}],"line":26},"1":{"loc":{"start":{"line":56,"column":11},"end":{"line":56,"column":null}},"type":"binary-expr","locations":[{"start":{"line":56,"column":11},"end":{"line":56,"column":26}},{"start":{"line":56,"column":26},"end":{"line":56,"column":null}}],"line":56},"2":{"loc":{"start":{"line":67,"column":11},"end":{"line":67,"column":null}},"type":"binary-expr","locations":[{"start":{"line":67,"column":11},"end":{"line":67,"column":25}},{"start":{"line":67,"column":25},"end":{"line":67,"column":null}}],"line":67},"3":{"loc":{"start":{"line":85,"column":11},"end":{"line":85,"column":null}},"type":"binary-expr","locations":[{"start":{"line":85,"column":11},"end":{"line":85,"column":28}},{"start":{"line":85,"column":28},"end":{"line":85,"column":null}}],"line":85},"4":{"loc":{"start":{"line":114,"column":9},"end":{"line":114,"column":null}},"type":"binary-expr","locations":[{"start":{"line":114,"column":9},"end":{"line":114,"column":25}},{"start":{"line":114,"column":25},"end":{"line":114,"column":null}}],"line":114},"5":{"loc":{"start":{"line":127,"column":11},"end":{"line":127,"column":null}},"type":"binary-expr","locations":[{"start":{"line":127,"column":11},"end":{"line":127,"column":34}},{"start":{"line":127,"column":34},"end":{"line":127,"column":null}}],"line":127},"6":{"loc":{"start":{"line":151,"column":9},"end":{"line":151,"column":null}},"type":"binary-expr","locations":[{"start":{"line":151,"column":9},"end":{"line":151,"column":27}},{"start":{"line":151,"column":27},"end":{"line":151,"column":null}}],"line":151},"7":{"loc":{"start":{"line":159,"column":9},"end":{"line":159,"column":null}},"type":"binary-expr","locations":[{"start":{"line":159,"column":9},"end":{"line":159,"column":22}},{"start":{"line":159,"column":22},"end":{"line":159,"column":null}}],"line":159}},"s":{"0":1,"1":2,"2":2,"3":6,"4":16},"f":{"0":2,"1":6,"2":16},"b":{"0":[2],"1":[2,0],"2":[2,0],"3":[2,0],"4":[2,0],"5":[2,0],"6":[2,0],"7":[2,0]},"meta":{"lastBranch":8,"lastFunction":3,"lastStatement":5,"seen":{"s:7:22:16:Infinity":0,"f:26:24:26:36":0,"b:26:75:26:102":0,"s:31:6:42:Infinity":1,"s:44:2:162:Infinity":2,"b:56:11:56:26:56:26:56:Infinity":1,"b:67:11:67:25:67:25:67:Infinity":2,"f:79:21:79:26":1,"s:80:14:82:Infinity":3,"b:85:11:85:28:85:28:85:Infinity":3,"f:96:26:96:31":2,"s:97:14:99:Infinity":4,"b:114:9:114:25:114:25:114:Infinity":4,"b:127:11:127:34:127:34:127:Infinity":5,"b:151:9:151:27:151:27:151:Infinity":6,"b:159:9:159:22:159:22:159:Infinity":7},"fnNames":{}}}
,"C:\\Users\\asus\\OneDrive\\Desktop\\RHOS\\frontend\\src\\components\\layout\\AppLayout.tsx": {"path":"C:\\Users\\asus\\OneDrive\\Desktop\\RHOS\\frontend\\src\\components\\layout\\AppLayout.tsx","statementMap":{"0":{"start":{"line":8,"column":50},"end":{"line":8,"column":null}},"1":{"start":{"line":10,"column":2},"end":{"line":27,"column":null}},"2":{"start":{"line":13,"column":60},"end":{"line":13,"column":101}},"3":{"start":{"line":17,"column":36},"end":{"line":17,"column":77}}},"fnMap":{"0":{"name":"AppLayout","decl":{"start":{"line":7,"column":24},"end":{"line":7,"column":36}},"loc":{"start":{"line":7,"column":36},"end":{"line":29,"column":null}},"line":7},"1":{"name":"(anonymous_1)","decl":{"start":{"line":13,"column":44},"end":{"line":13,"column":60}},"loc":{"start":{"line":13,"column":60},"end":{"line":13,"column":101}},"line":13},"2":{"name":"(anonymous_2)","decl":{"start":{"line":17,"column":16},"end":{"line":17,"column":36}},"loc":{"start":{"line":17,"column":36},"end":{"line":17,"column":77}},"line":17}},"branchMap":{},"s":{"0":1,"1":1,"2":0,"3":0},"f":{"0":1,"1":0,"2":0},"b":{},"meta":{"lastBranch":0,"lastFunction":3,"lastStatement":4,"seen":{"f:7:24:7:36":0,"s:8:50:8:Infinity":0,"s:10:2:27:Infinity":1,"f:13:44:13:60":1,"s:13:60:13:101":2,"f:17:16:17:36":2,"s:17:36:17:77":3},"fnNames":{}}}
,"C:\\Users\\asus\\OneDrive\\Desktop\\RHOS\\frontend\\src\\components\\layout\\PageHeader.tsx": {"path":"C:\\Users\\asus\\OneDrive\\Desktop\\RHOS\\frontend\\src\\components\\layout\\PageHeader.tsx","statementMap":{"0":{"start":{"line":16,"column":2},"end":{"line":30,"column":null}}},"fnMap":{"0":{"name":"PageHeader","decl":{"start":{"line":10,"column":24},"end":{"line":10,"column":35}},"loc":{"start":{"line":15,"column":20},"end":{"line":32,"column":null}},"line":15}},"branchMap":{"0":{"loc":{"start":{"line":25,"column":9},"end":{"line":28,"column":null}},"type":"binary-expr","locations":[{"start":{"line":25,"column":9},"end":{"line":25,"column":null}},{"start":{"line":26,"column":10},"end":{"line":28,"column":null}}],"line":25},"1":{"loc":{"start":{"line":29,"column":7},"end":{"line":30,"column":null}},"type":"binary-expr","locations":[{"start":{"line":29,"column":7},"end":{"line":29,"column":17}},{"start":{"line":29,"column":17},"end":{"line":30,"column":null}}],"line":29}},"s":{"0":1},"f":{"0":1},"b":{"0":[1,1],"1":[1,0]},"meta":{"lastBranch":2,"lastFunction":1,"lastStatement":1,"seen":{"f:10:24:10:35":0,"s:16:2:30:Infinity":0,"b:25:9:25:Infinity:26:10:28:Infinity":0,"b:29:7:29:17:29:17:30:Infinity":1},"fnNames":{}}}
,"C:\\Users\\asus\\OneDrive\\Desktop\\RHOS\\frontend\\src\\components\\layout\\Sidebar.tsx": {"path":"C:\\Users\\asus\\OneDrive\\Desktop\\RHOS\\frontend\\src\\components\\layout\\Sidebar.tsx","statementMap":{"0":{"start":{"line":22,"column":19},"end":{"line":22,"column":27}},"1":{"start":{"line":24,"column":19},"end":{"line":34,"column":null}},"2":{"start":{"line":36,"column":2},"end":{"line":102,"column":null}},"3":{"start":{"line":59,"column":10},"end":{"line":74,"column":null}},"4":{"start":{"line":63,"column":14},"end":{"line":69,"column":null}}},"fnMap":{"0":{"name":"Sidebar","decl":{"start":{"line":21,"column":24},"end":{"line":21,"column":32}},"loc":{"start":{"line":21,"column":71},"end":{"line":104,"column":null}},"line":21},"1":{"name":"(anonymous_1)","decl":{"start":{"line":58,"column":18},"end":{"line":58,"column":23}},"loc":{"start":{"line":59,"column":10},"end":{"line":74,"column":null}},"line":59},"2":{"name":"(anonymous_2)","decl":{"start":{"line":62,"column":12},"end":{"line":62,"column":24}},"loc":{"start":{"line":63,"column":14},"end":{"line":69,"column":null}},"line":63}},"branchMap":{"0":{"loc":{"start":{"line":24,"column":19},"end":{"line":34,"column":null}},"type":"cond-expr","locations":[{"start":{"line":24,"column":46},"end":{"line":29,"column":6}},{"start":{"line":29,"column":6},"end":{"line":34,"column":null}}],"line":24},"1":{"loc":{"start":{"line":26,"column":41},"end":{"line":26,"column":70}},"type":"binary-expr","locations":[{"start":{"line":26,"column":41},"end":{"line":26,"column":60}},{"start":{"line":26,"column":60},"end":{"line":26,"column":70}}],"line":26},"2":{"loc":{"start":{"line":40,"column":8},"end":{"line":40,"column":null}},"type":"cond-expr","locations":[{"start":{"line":40,"column":20},"end":{"line":40,"column":33}},{"start":{"line":40,"column":33},"end":{"line":40,"column":null}}],"line":40},"3":{"loc":{"start":{"line":48,"column":9},"end":{"line":54,"column":null}},"type":"binary-expr","locations":[{"start":{"line":48,"column":9},"end":{"line":48,"column":null}},{"start":{"line":49,"column":10},"end":{"line":54,"column":null}}],"line":48},"4":{"loc":{"start":{"line":65,"column":16},"end":{"line":67,"column":null}},"type":"cond-expr","locations":[{"start":{"line":66,"column":20},"end":{"line":66,"column":null}},{"start":{"line":67,"column":20},"end":{"line":67,"column":null}}],"line":65},"5":{"loc":{"start":{"line":68,"column":16},"end":{"line":68,"column":null}},"type":"binary-expr","locations":[{"start":{"line":68,"column":16},"end":{"line":68,"column":29}},{"start":{"line":68,"column":29},"end":{"line":68,"column":null}}],"line":68},"6":{"loc":{"start":{"line":73,"column":13},"end":{"line":74,"column":null}},"type":"binary-expr","locations":[{"start":{"line":73,"column":13},"end":{"line":73,"column":27}},{"start":{"line":73,"column":27},"end":{"line":74,"column":null}}],"line":73},"7":{"loc":{"start":{"line":83,"column":12},"end":{"line":83,"column":null}},"type":"binary-expr","locations":[{"start":{"line":83,"column":12},"end":{"line":83,"column":25}},{"start":{"line":83,"column":25},"end":{"line":83,"column":null}}],"line":83},"8":{"loc":{"start":{"line":87,"column":11},"end":{"line":92,"column":null}},"type":"binary-expr","locations":[{"start":{"line":87,"column":11},"end":{"line":87,"column":null}},{"start":{"line":88,"column":12},"end":{"line":92,"column":null}}],"line":87},"9":{"loc":{"start":{"line":100,"column":67},"end":{"line":100,"column":92}},"type":"binary-expr","locations":[{"start":{"line":100,"column":67},"end":{"line":100,"column":80}},{"start":{"line":100,"column":80},"end":{"line":100,"column":92}}],"line":100}},"s":{"0":2,"1":2,"2":2,"3":8,"4":8},"f":{"0":2,"1":8,"2":8},"b":{"0":[0,2],"1":[0,0],"2":[0,2],"3":[2,2],"4":[0,8],"5":[8,0],"6":[8,8],"7":[2,0],"8":[2,2],"9":[2,0]},"meta":{"lastBranch":10,"lastFunction":3,"lastStatement":5,"seen":{"f:21:24:21:32":0,"s:22:19:22:27":0,"s:24:19:34:Infinity":1,"b:24:46:29:6:29:6:34:Infinity":0,"b:26:41:26:60:26:60:26:70":1,"s:36:2:102:Infinity":2,"b:40:20:40:33:40:33:40:Infinity":2,"b:48:9:48:Infinity:49:10:54:Infinity":3,"f:58:18:58:23":1,"s:59:10:74:Infinity":3,"f:62:12:62:24":2,"s:63:14:69:Infinity":4,"b:66:20:66:Infinity:67:20:67:Infinity":4,"b:68:16:68:29:68:29:68:Infinity":5,"b:73:13:73:27:73:27:74:Infinity":6,"b:83:12:83:25:83:25:83:Infinity":7,"b:87:11:87:Infinity:88:12:92:Infinity":8,"b:100:67:100:80:100:80:100:92":9},"fnNames":{}}}
,"C:\\Users\\asus\\OneDrive\\Desktop\\RHOS\\frontend\\src\\components\\layout\\Topbar.tsx": {"path":"C:\\Users\\asus\\OneDrive\\Desktop\\RHOS\\frontend\\src\\components\\layout\\Topbar.tsx","statementMap":{"0":{"start":{"line":21,"column":27},"end":{"line":21,"column":35}},"1":{"start":{"line":22,"column":41},"end":{"line":22,"column":50}},"2":{"start":{"line":23,"column":19},"end":{"line":23,"column":31}},"3":{"start":{"line":24,"column":42},"end":{"line":24,"column":null}},"4":{"start":{"line":26,"column":8},"end":{"line":29,"column":null}},"5":{"start":{"line":27,"column":4},"end":{"line":27,"column":null}},"6":{"start":{"line":28,"column":4},"end":{"line":28,"column":null}},"7":{"start":{"line":31,"column":2},"end":{"line":108,"column":null}},"8":{"start":{"line":76,"column":27},"end":{"line":76,"column":null}},"9":{"start":{"line":92,"column":35},"end":{"line":92,"column":58}},"10":{"start":{"line":92,"column":58},"end":{"line":92,"column":82}}},"fnMap":{"0":{"name":"Topbar","decl":{"start":{"line":20,"column":24},"end":{"line":20,"column":31}},"loc":{"start":{"line":20,"column":62},"end":{"line":110,"column":null}},"line":20},"1":{"name":"(anonymous_1)","decl":{"start":{"line":26,"column":8},"end":{"line":26,"column":29}},"loc":{"start":{"line":26,"column":29},"end":{"line":29,"column":null}},"line":26},"2":{"name":"(anonymous_2)","decl":{"start":{"line":76,"column":12},"end":{"line":76,"column":27}},"loc":{"start":{"line":76,"column":27},"end":{"line":76,"column":null}},"line":76},"3":{"name":"(anonymous_3)","decl":{"start":{"line":92,"column":18},"end":{"line":92,"column":33}},"loc":{"start":{"line":92,"column":33},"end":{"line":92,"column":null}},"line":92}},"branchMap":{"0":{"loc":{"start":{"line":58,"column":30},"end":{"line":58,"column":74}},"type":"cond-expr","locations":[{"start":{"line":58,"column":57},"end":{"line":58,"column":67}},{"start":{"line":58,"column":67},"end":{"line":58,"column":74}}],"line":58},"1":{"loc":{"start":{"line":60,"column":11},"end":{"line":63,"column":null}},"type":"cond-expr","locations":[{"start":{"line":61,"column":12},"end":{"line":63,"column":13}},{"start":{"line":63,"column":12},"end":{"line":63,"column":null}}],"line":60},"2":{"loc":{"start":{"line":80,"column":15},"end":{"line":80,"column":null}},"type":"cond-expr","locations":[{"start":{"line":80,"column":22},"end":{"line":80,"column":47}},{"start":{"line":80,"column":47},"end":{"line":80,"column":null}}],"line":80},"3":{"loc":{"start":{"line":83,"column":50},"end":{"line":83,"column":74}},"type":"binary-expr","locations":[{"start":{"line":83,"column":50},"end":{"line":83,"column":64}},{"start":{"line":83,"column":64},"end":{"line":83,"column":74}}],"line":83},"4":{"loc":{"start":{"line":84,"column":89},"end":{"line":84,"column":115}},"type":"binary-expr","locations":[{"start":{"line":84,"column":89},"end":{"line":84,"column":103}},{"start":{"line":84,"column":103},"end":{"line":84,"column":115}}],"line":84},"5":{"loc":{"start":{"line":88,"column":11},"end":{"line":106,"column":null}},"type":"binary-expr","locations":[{"start":{"line":88,"column":11},"end":{"line":88,"column":null}},{"start":{"line":89,"column":12},"end":{"line":106,"column":null}}],"line":88}},"s":{"0":2,"1":2,"2":2,"3":2,"4":2,"5":0,"6":0,"7":2,"8":0,"9":0,"10":0},"f":{"0":2,"1":0,"2":0,"3":0},"b":{"0":[0,2],"1":[0,2],"2":[2,0],"3":[2,0],"4":[2,0],"5":[2,0]},"meta":{"lastBranch":6,"lastFunction":4,"lastStatement":11,"seen":{"f:20:24:20:31":0,"s:21:27:21:35":0,"s:22:41:22:50":1,"s:23:19:23:31":2,"s:24:42:24:Infinity":3,"s:26:8:29:Infinity":4,"f:26:8:26:29":1,"s:27:4:27:Infinity":5,"s:28:4:28:Infinity":6,"s:31:2:108:Infinity":7,"b:58:57:58:67:58:67:58:74":0,"b:61:12:63:13:63:12:63:Infinity":1,"f:76:12:76:27":2,"s:76:27:76:Infinity":8,"b:80:22:80:47:80:47:80:Infinity":2,"b:83:50:83:64:83:64:83:74":3,"b:84:89:84:103:84:103:84:115":4,"b:88:11:88:Infinity:89:12:106:Infinity":5,"f:92:18:92:33":3,"s:92:35:92:58":9,"s:92:58:92:82":10},"fnNames":{}}}
,"C:\\Users\\asus\\OneDrive\\Desktop\\RHOS\\frontend\\src\\components\\navigation\\Breadcrumb.tsx": {"path":"C:\\Users\\asus\\OneDrive\\Desktop\\RHOS\\frontend\\src\\components\\navigation\\Breadcrumb.tsx","statementMap":{"0":{"start":{"line":16,"column":2},"end":{"line":46,"column":null}},"1":{"start":{"line":26,"column":23},"end":{"line":26,"column":null}},"2":{"start":{"line":28,"column":8},"end":{"line":43,"column":null}}},"fnMap":{"0":{"name":"Breadcrumb","decl":{"start":{"line":15,"column":24},"end":{"line":15,"column":35}},"loc":{"start":{"line":15,"column":74},"end":{"line":48,"column":null}},"line":15},"1":{"name":"(anonymous_1)","decl":{"start":{"line":25,"column":13},"end":{"line":25,"column":18}},"loc":{"start":{"line":25,"column":34},"end":{"line":45,"column":7}},"line":25}},"branchMap":{"0":{"loc":{"start":{"line":31,"column":13},"end":{"line":43,"column":null}},"type":"cond-expr","locations":[{"start":{"line":32,"column":14},"end":{"line":39,"column":15}},{"start":{"line":39,"column":14},"end":{"line":43,"column":null}}],"line":31},"1":{"loc":{"start":{"line":31,"column":13},"end":{"line":31,"column":null}},"type":"binary-expr","locations":[{"start":{"line":31,"column":13},"end":{"line":31,"column":26}},{"start":{"line":31,"column":26},"end":{"line":31,"column":null}}],"line":31}},"s":{"0":1,"1":2,"2":2},"f":{"0":1,"1":2},"b":{"0":[1,1],"1":[2,2]},"meta":{"lastBranch":2,"lastFunction":2,"lastStatement":3,"seen":{"f:15:24:15:35":0,"s:16:2:46:Infinity":0,"f:25:13:25:18":1,"s:26:23:26:Infinity":1,"s:28:8:43:Infinity":2,"b:32:14:39:15:39:14:43:Infinity":0,"b:31:13:31:26:31:26:31:Infinity":1},"fnNames":{}}}
,"C:\\Users\\asus\\OneDrive\\Desktop\\RHOS\\frontend\\src\\components\\navigation\\NavItem.tsx": {"path":"C:\\Users\\asus\\OneDrive\\Desktop\\RHOS\\frontend\\src\\components\\navigation\\NavItem.tsx","statementMap":{"0":{"start":{"line":19,"column":2},"end":{"line":49,"column":null}},"1":{"start":{"line":23,"column":8},"end":{"line":29,"column":null}}},"fnMap":{"0":{"name":"NavItem","decl":{"start":{"line":12,"column":24},"end":{"line":12,"column":32}},"loc":{"start":{"line":18,"column":17},"end":{"line":51,"column":null}},"line":18},"1":{"name":"(anonymous_1)","decl":{"start":{"line":22,"column":6},"end":{"line":22,"column":18}},"loc":{"start":{"line":23,"column":8},"end":{"line":29,"column":null}},"line":23}},"branchMap":{"0":{"loc":{"start":{"line":16,"column":2},"end":{"line":16,"column":null}},"type":"default-arg","locations":[{"start":{"line":16,"column":14},"end":{"line":16,"column":null}}],"line":16},"1":{"loc":{"start":{"line":25,"column":10},"end":{"line":27,"column":null}},"type":"cond-expr","locations":[{"start":{"line":26,"column":14},"end":{"line":26,"column":null}},{"start":{"line":27,"column":14},"end":{"line":27,"column":null}}],"line":25},"2":{"loc":{"start":{"line":28,"column":10},"end":{"line":28,"column":null}},"type":"binary-expr","locations":[{"start":{"line":28,"column":10},"end":{"line":28,"column":23}},{"start":{"line":28,"column":23},"end":{"line":28,"column":null}}],"line":28},"3":{"loc":{"start":{"line":34,"column":7},"end":{"line":35,"column":null}},"type":"binary-expr","locations":[{"start":{"line":34,"column":7},"end":{"line":34,"column":null}},{"start":{"line":35,"column":8},"end":{"line":35,"column":null}}],"line":34},"4":{"loc":{"start":{"line":38,"column":7},"end":{"line":41,"column":null}},"type":"binary-expr","locations":[{"start":{"line":38,"column":7},"end":{"line":38,"column":21}},{"start":{"line":38,"column":21},"end":{"line":38,"column":44}},{"start":{"line":38,"column":44},"end":{"line":38,"column":null}},{"start":{"line":39,"column":8},"end":{"line":41,"column":null}}],"line":38},"5":{"loc":{"start":{"line":44,"column":7},"end":{"line":47,"column":null}},"type":"binary-expr","locations":[{"start":{"line":44,"column":7},"end":{"line":44,"column":null}},{"start":{"line":45,"column":8},"end":{"line":47,"column":null}}],"line":44}},"s":{"0":1,"1":1},"f":{"0":1,"1":1},"b":{"0":[1],"1":[0,1],"2":[1,0],"3":[1,1],"4":[1,1,0,0],"5":[1,0]},"meta":{"lastBranch":6,"lastFunction":2,"lastStatement":2,"seen":{"f:12:24:12:32":0,"b:16:14:16:Infinity":0,"s:19:2:49:Infinity":0,"f:22:6:22:18":1,"s:23:8:29:Infinity":1,"b:26:14:26:Infinity:27:14:27:Infinity":1,"b:28:10:28:23:28:23:28:Infinity":2,"b:34:7:34:Infinity:35:8:35:Infinity":3,"b:38:7:38:21:38:21:38:44:38:44:38:Infinity:39:8:41:Infinity":4,"b:44:7:44:Infinity:45:8:47:Infinity":5},"fnNames":{}}}
,"C:\\Users\\asus\\OneDrive\\Desktop\\RHOS\\frontend\\src\\components\\patient\\AllergyBadges.tsx": {"path":"C:\\Users\\asus\\OneDrive\\Desktop\\RHOS\\frontend\\src\\components\\patient\\AllergyBadges.tsx","statementMap":{"0":{"start":{"line":11,"column":2},"end":{"line":56,"column":null}},"1":{"start":{"line":25,"column":29},"end":{"line":25,"column":null}},"2":{"start":{"line":26,"column":31},"end":{"line":26,"column":null}},"3":{"start":{"line":28,"column":12},"end":{"line":51,"column":null}}},"fnMap":{"0":{"name":"AllergyBadges","decl":{"start":{"line":10,"column":24},"end":{"line":10,"column":38}},"loc":{"start":{"line":10,"column":84},"end":{"line":58,"column":null}},"line":10},"1":{"name":"(anonymous_1)","decl":{"start":{"line":24,"column":21},"end":{"line":24,"column":26}},"loc":{"start":{"line":24,"column":38},"end":{"line":53,"column":11}},"line":24}},"branchMap":{"0":{"loc":{"start":{"line":18,"column":7},"end":{"line":56,"column":null}},"type":"cond-expr","locations":[{"start":{"line":19,"column":8},"end":{"line":23,"column":9}},{"start":{"line":23,"column":8},"end":{"line":56,"column":null}}],"line":18},"1":{"loc":{"start":{"line":33,"column":18},"end":{"line":37,"column":null}},"type":"cond-expr","locations":[{"start":{"line":34,"column":22},"end":{"line":34,"column":null}},{"start":{"line":35,"column":22},"end":{"line":37,"column":null}}],"line":33},"2":{"loc":{"start":{"line":35,"column":22},"end":{"line":37,"column":null}},"type":"cond-expr","locations":[{"start":{"line":36,"column":22},"end":{"line":36,"column":null}},{"start":{"line":37,"column":22},"end":{"line":37,"column":null}}],"line":35},"3":{"loc":{"start":{"line":39,"column":23},"end":{"line":39,"column":null}},"type":"cond-expr","locations":[{"start":{"line":39,"column":42},"end":{"line":39,"column":76}},{"start":{"line":39,"column":76},"end":{"line":39,"column":null}}],"line":39},"4":{"loc":{"start":{"line":44,"column":20},"end":{"line":44,"column":null}},"type":"cond-expr","locations":[{"start":{"line":44,"column":31},"end":{"line":44,"column":61}},{"start":{"line":44,"column":61},"end":{"line":44,"column":null}}],"line":44},"5":{"loc":{"start":{"line":44,"column":61},"end":{"line":44,"column":null}},"type":"cond-expr","locations":[{"start":{"line":44,"column":74},"end":{"line":44,"column":91}},{"start":{"line":44,"column":91},"end":{"line":44,"column":null}}],"line":44},"6":{"loc":{"start":{"line":48,"column":17},"end":{"line":49,"column":null}},"type":"binary-expr","locations":[{"start":{"line":48,"column":17},"end":{"line":48,"column":null}},{"start":{"line":49,"column":18},"end":{"line":49,"column":null}}],"line":48}},"s":{"0":1,"1":2,"2":2,"3":2},"f":{"0":1,"1":2},"b":{"0":[0,1],"1":[1,1],"2":[1,0],"3":[0,2],"4":[1,1],"5":[1,0],"6":[2,0]},"meta":{"lastBranch":7,"lastFunction":2,"lastStatement":4,"seen":{"f:10:24:10:38":0,"s:11:2:56:Infinity":0,"b:19:8:23:9:23:8:56:Infinity":0,"f:24:21:24:26":1,"s:25:29:25:Infinity":1,"s:26:31:26:Infinity":2,"s:28:12:51:Infinity":3,"b:34:22:34:Infinity:35:22:37:Infinity":1,"b:36:22:36:Infinity:37:22:37:Infinity":2,"b:39:42:39:76:39:76:39:Infinity":3,"b:44:31:44:61:44:61:44:Infinity":4,"b:44:74:44:91:44:91:44:Infinity":5,"b:48:17:48:Infinity:49:18:49:Infinity":6},"fnNames":{}}}
,"C:\\Users\\asus\\OneDrive\\Desktop\\RHOS\\frontend\\src\\components\\patient\\MedicalHistory.tsx": {"path":"C:\\Users\\asus\\OneDrive\\Desktop\\RHOS\\frontend\\src\\components\\patient\\MedicalHistory.tsx","statementMap":{"0":{"start":{"line":12,"column":2},"end":{"line":57,"column":null}},"1":{"start":{"line":26,"column":12},"end":{"line":53,"column":null}}},"fnMap":{"0":{"name":"MedicalHistory","decl":{"start":{"line":11,"column":24},"end":{"line":11,"column":39}},"loc":{"start":{"line":11,"column":84},"end":{"line":59,"column":null}},"line":11},"1":{"name":"(anonymous_1)","decl":{"start":{"line":25,"column":19},"end":{"line":25,"column":24}},"loc":{"start":{"line":26,"column":12},"end":{"line":53,"column":null}},"line":26}},"branchMap":{"0":{"loc":{"start":{"line":19,"column":7},"end":{"line":57,"column":null}},"type":"cond-expr","locations":[{"start":{"line":20,"column":8},"end":{"line":24,"column":9}},{"start":{"line":24,"column":8},"end":{"line":57,"column":null}}],"line":19},"1":{"loc":{"start":{"line":32,"column":20},"end":{"line":36,"column":null}},"type":"cond-expr","locations":[{"start":{"line":33,"column":24},"end":{"line":33,"column":null}},{"start":{"line":34,"column":24},"end":{"line":36,"column":null}}],"line":32},"2":{"loc":{"start":{"line":34,"column":24},"end":{"line":36,"column":null}},"type":"cond-expr","locations":[{"start":{"line":35,"column":24},"end":{"line":35,"column":null}},{"start":{"line":36,"column":24},"end":{"line":36,"column":null}}],"line":34},"3":{"loc":{"start":{"line":42,"column":15},"end":{"line":45,"column":null}},"type":"binary-expr","locations":[{"start":{"line":42,"column":15},"end":{"line":42,"column":null}},{"start":{"line":43,"column":16},"end":{"line":45,"column":null}}],"line":42},"4":{"loc":{"start":{"line":47,"column":15},"end":{"line":51,"column":null}},"type":"binary-expr","locations":[{"start":{"line":47,"column":15},"end":{"line":47,"column":null}},{"start":{"line":48,"column":16},"end":{"line":51,"column":null}}],"line":47}},"s":{"0":1,"1":1},"f":{"0":1,"1":1},"b":{"0":[0,1],"1":[0,1],"2":[0,1],"3":[1,0],"4":[1,1]},"meta":{"lastBranch":5,"lastFunction":2,"lastStatement":2,"seen":{"f:11:24:11:39":0,"s:12:2:57:Infinity":0,"b:20:8:24:9:24:8:57:Infinity":0,"f:25:19:25:24":1,"s:26:12:53:Infinity":1,"b:33:24:33:Infinity:34:24:36:Infinity":1,"b:35:24:35:Infinity:36:24:36:Infinity":2,"b:42:15:42:Infinity:43:16:45:Infinity":3,"b:47:15:47:Infinity:48:16:51:Infinity":4},"fnNames":{}}}
,"C:\\Users\\asus\\OneDrive\\Desktop\\RHOS\\frontend\\src\\components\\patient\\MedicationList.tsx": {"path":"C:\\Users\\asus\\OneDrive\\Desktop\\RHOS\\frontend\\src\\components\\patient\\MedicationList.tsx","statementMap":{"0":{"start":{"line":18,"column":2},"end":{"line":56,"column":null}},"1":{"start":{"line":32,"column":12},"end":{"line":52,"column":null}}},"fnMap":{"0":{"name":"MedicationList","decl":{"start":{"line":17,"column":24},"end":{"line":17,"column":39}},"loc":{"start":{"line":17,"column":88},"end":{"line":58,"column":null}},"line":17},"1":{"name":"(anonymous_1)","decl":{"start":{"line":31,"column":23},"end":{"line":31,"column":28}},"loc":{"start":{"line":32,"column":12},"end":{"line":52,"column":null}},"line":32}},"branchMap":{"0":{"loc":{"start":{"line":25,"column":7},"end":{"line":56,"column":null}},"type":"cond-expr","locations":[{"start":{"line":26,"column":8},"end":{"line":30,"column":9}},{"start":{"line":30,"column":8},"end":{"line":56,"column":null}}],"line":25},"1":{"loc":{"start":{"line":46,"column":16},"end":{"line":48,"column":null}},"type":"cond-expr","locations":[{"start":{"line":47,"column":20},"end":{"line":47,"column":null}},{"start":{"line":48,"column":20},"end":{"line":48,"column":null}}],"line":46}},"s":{"0":1,"1":1},"f":{"0":1,"1":1},"b":{"0":[0,1],"1":[0,1]},"meta":{"lastBranch":2,"lastFunction":2,"lastStatement":2,"seen":{"f:17:24:17:39":0,"s:18:2:56:Infinity":0,"b:26:8:30:9:30:8:56:Infinity":0,"f:31:23:31:28":1,"s:32:12:52:Infinity":1,"b:47:20:47:Infinity:48:20:48:Infinity":1},"fnNames":{}}}
,"C:\\Users\\asus\\OneDrive\\Desktop\\RHOS\\frontend\\src\\components\\patient\\PatientHeader.tsx": {"path":"C:\\Users\\asus\\OneDrive\\Desktop\\RHOS\\frontend\\src\\components\\patient\\PatientHeader.tsx","statementMap":{"0":{"start":{"line":11,"column":2},"end":{"line":50,"column":null}}},"fnMap":{"0":{"name":"PatientHeader","decl":{"start":{"line":10,"column":24},"end":{"line":10,"column":38}},"loc":{"start":{"line":10,"column":71},"end":{"line":52,"column":null}},"line":10}},"branchMap":{"0":{"loc":{"start":{"line":23,"column":13},"end":{"line":30,"column":null}},"type":"binary-expr","locations":[{"start":{"line":23,"column":13},"end":{"line":23,"column":null}},{"start":{"line":24,"column":14},"end":{"line":30,"column":null}}],"line":23},"1":{"loc":{"start":{"line":37,"column":9},"end":{"line":43,"column":17}},"type":"binary-expr","locations":[{"start":{"line":37,"column":9},"end":{"line":37,"column":null}},{"start":{"line":38,"column":10},"end":{"line":43,"column":17}}],"line":37},"2":{"loc":{"start":{"line":43,"column":9},"end":{"line":49,"column":null}},"type":"binary-expr","locations":[{"start":{"line":43,"column":9},"end":{"line":43,"column":null}},{"start":{"line":44,"column":10},"end":{"line":49,"column":null}}],"line":43},"3":{"loc":{"start":{"line":46,"column":37},"end":{"line":46,"column":null}},"type":"binary-expr","locations":[{"start":{"line":46,"column":37},"end":{"line":46,"column":57}},{"start":{"line":46,"column":57},"end":{"line":46,"column":null}}],"line":46}},"s":{"0":1},"f":{"0":1},"b":{"0":[1,1],"1":[1,1],"2":[1,0],"3":[0,0]},"meta":{"lastBranch":4,"lastFunction":1,"lastStatement":1,"seen":{"f:10:24:10:38":0,"s:11:2:50:Infinity":0,"b:23:13:23:Infinity:24:14:30:Infinity":0,"b:37:9:37:Infinity:38:10:43:17":1,"b:43:9:43:Infinity:44:10:49:Infinity":2,"b:46:37:46:57:46:57:46:Infinity":3},"fnNames":{}}}
,"C:\\Users\\asus\\OneDrive\\Desktop\\RHOS\\frontend\\src\\components\\patient\\VitalsDisplay.tsx": {"path":"C:\\Users\\asus\\OneDrive\\Desktop\\RHOS\\frontend\\src\\components\\patient\\VitalsDisplay.tsx","statementMap":{"0":{"start":{"line":12,"column":2},"end":{"line":18,"column":null}},"1":{"start":{"line":13,"column":4},"end":{"line":16,"column":null}},"2":{"start":{"line":20,"column":16},"end":{"line":53,"column":null}},"3":{"start":{"line":55,"column":2},"end":{"line":73,"column":null}},"4":{"start":{"line":58,"column":8},"end":{"line":71,"column":null}}},"fnMap":{"0":{"name":"VitalsDisplay","decl":{"start":{"line":11,"column":24},"end":{"line":11,"column":38}},"loc":{"start":{"line":11,"column":81},"end":{"line":75,"column":null}},"line":11},"1":{"name":"(anonymous_1)","decl":{"start":{"line":57,"column":13},"end":{"line":57,"column":18}},"loc":{"start":{"line":58,"column":8},"end":{"line":71,"column":null}},"line":58}},"branchMap":{"0":{"loc":{"start":{"line":12,"column":2},"end":{"line":18,"column":null}},"type":"if","locations":[{"start":{"line":12,"column":2},"end":{"line":18,"column":null}},{"start":{},"end":{}}],"line":12},"1":{"loc":{"start":{"line":23,"column":13},"end":{"line":23,"column":null}},"type":"cond-expr","locations":[{"start":{"line":23,"column":57},"end":{"line":23,"column":106}},{"start":{"line":23,"column":106},"end":{"line":23,"column":null}}],"line":23},"2":{"loc":{"start":{"line":23,"column":13},"end":{"line":23,"column":57}},"type":"binary-expr","locations":[{"start":{"line":23,"column":13},"end":{"line":23,"column":35}},{"start":{"line":23,"column":35},"end":{"line":23,"column":57}}],"line":23},"3":{"loc":{"start":{"line":31,"column":13},"end":{"line":31,"column":null}},"type":"binary-expr","locations":[{"start":{"line":31,"column":13},"end":{"line":31,"column":34}},{"start":{"line":31,"column":34},"end":{"line":31,"column":null}}],"line":31},"4":{"loc":{"start":{"line":39,"column":13},"end":{"line":39,"column":null}},"type":"cond-expr","locations":[{"start":{"line":39,"column":27},"end":{"line":39,"column":47}},{"start":{"line":39,"column":47},"end":{"line":39,"column":null}}],"line":39},"5":{"loc":{"start":{"line":47,"column":13},"end":{"line":47,"column":null}},"type":"binary-expr","locations":[{"start":{"line":47,"column":13},"end":{"line":47,"column":35}},{"start":{"line":47,"column":35},"end":{"line":47,"column":null}}],"line":47},"6":{"loc":{"start":{"line":67,"column":13},"end":{"line":70,"column":null}},"type":"binary-expr","locations":[{"start":{"line":67,"column":13},"end":{"line":67,"column":34}},{"start":{"line":67,"column":34},"end":{"line":67,"column":null}},{"start":{"line":68,"column":14},"end":{"line":70,"column":null}}],"line":67}},"s":{"0":1,"1":0,"2":1,"3":1,"4":4},"f":{"0":1,"1":4},"b":{"0":[0,1],"1":[1,0],"2":[1,1],"3":[1,0],"4":[1,0],"5":[1,0],"6":[4,4,3]},"meta":{"lastBranch":7,"lastFunction":2,"lastStatement":5,"seen":{"f:11:24:11:38":0,"b:12:2:18:Infinity:undefined:undefined:undefined:undefined":0,"s:12:2:18:Infinity":0,"s:13:4:16:Infinity":1,"s:20:16:53:Infinity":2,"b:23:57:23:106:23:106:23:Infinity":1,"b:23:13:23:35:23:35:23:57":2,"b:31:13:31:34:31:34:31:Infinity":3,"b:39:27:39:47:39:47:39:Infinity":4,"b:47:13:47:35:47:35:47:Infinity":5,"s:55:2:73:Infinity":3,"f:57:13:57:18":1,"s:58:8:71:Infinity":4,"b:67:13:67:34:67:34:67:Infinity:68:14:70:Infinity":6},"fnNames":{}}}
,"C:\\Users\\asus\\OneDrive\\Desktop\\RHOS\\frontend\\src\\components\\timeline\\Timeline.tsx": {"path":"C:\\Users\\asus\\OneDrive\\Desktop\\RHOS\\frontend\\src\\components\\timeline\\Timeline.tsx","statementMap":{"0":{"start":{"line":9,"column":2},"end":{"line":12,"column":null}}},"fnMap":{"0":{"name":"Timeline","decl":{"start":{"line":8,"column":24},"end":{"line":8,"column":33}},"loc":{"start":{"line":8,"column":73},"end":{"line":14,"column":null}},"line":8}},"branchMap":{},"s":{"0":1},"f":{"0":1},"b":{},"meta":{"lastBranch":0,"lastFunction":1,"lastStatement":1,"seen":{"f:8:24:8:33":0,"s:9:2:12:Infinity":0},"fnNames":{}}}
,"C:\\Users\\asus\\OneDrive\\Desktop\\RHOS\\frontend\\src\\components\\timeline\\TimelineItem.tsx": {"path":"C:\\Users\\asus\\OneDrive\\Desktop\\RHOS\\frontend\\src\\components\\timeline\\TimelineItem.tsx","statementMap":{"0":{"start":{"line":20,"column":2},"end":{"line":40,"column":null}}},"fnMap":{"0":{"name":"TimelineItem","decl":{"start":{"line":12,"column":24},"end":{"line":12,"column":37}},"loc":{"start":{"line":19,"column":22},"end":{"line":42,"column":null}},"line":19}},"branchMap":{"0":{"loc":{"start":{"line":16,"column":2},"end":{"line":16,"column":null}},"type":"default-arg","locations":[{"start":{"line":16,"column":13},"end":{"line":16,"column":null}}],"line":16},"1":{"loc":{"start":{"line":39,"column":7},"end":{"line":39,"column":null}},"type":"binary-expr","locations":[{"start":{"line":39,"column":7},"end":{"line":39,"column":16}},{"start":{"line":39,"column":16},"end":{"line":39,"column":null}}],"line":39}},"s":{"0":1},"f":{"0":1},"b":{"0":[1],"1":[1,0]},"meta":{"lastBranch":2,"lastFunction":1,"lastStatement":1,"seen":{"f:12:24:12:37":0,"b:16:13:16:Infinity":0,"s:20:2:40:Infinity":0,"b:39:7:39:16:39:16:39:Infinity":1},"fnNames":{}}}
,"C:\\Users\\asus\\OneDrive\\Desktop\\RHOS\\frontend\\src\\lib\\utils.ts": {"path":"C:\\Users\\asus\\OneDrive\\Desktop\\RHOS\\frontend\\src\\lib\\utils.ts","statementMap":{"0":{"start":{"line":9,"column":2},"end":{"line":9,"column":null}},"1":{"start":{"line":16,"column":2},"end":{"line":20,"column":null}},"2":{"start":{"line":27,"column":2},"end":{"line":33,"column":null}},"3":{"start":{"line":40,"column":2},"end":{"line":49,"column":null}},"4":{"start":{"line":42,"column":6},"end":{"line":42,"column":null}},"5":{"start":{"line":44,"column":6},"end":{"line":44,"column":null}},"6":{"start":{"line":46,"column":6},"end":{"line":46,"column":null}},"7":{"start":{"line":48,"column":6},"end":{"line":48,"column":null}},"8":{"start":{"line":56,"column":2},"end":{"line":65,"column":null}},"9":{"start":{"line":58,"column":6},"end":{"line":58,"column":null}},"10":{"start":{"line":60,"column":6},"end":{"line":60,"column":null}},"11":{"start":{"line":62,"column":6},"end":{"line":62,"column":null}},"12":{"start":{"line":64,"column":6},"end":{"line":64,"column":null}},"13":{"start":{"line":72,"column":2},"end":{"line":72,"column":null}},"14":{"start":{"line":72,"column":32},"end":{"line":72,"column":null}},"15":{"start":{"line":73,"column":2},"end":{"line":73,"column":null}},"16":{"start":{"line":80,"column":2},"end":{"line":85,"column":null}},"17":{"start":{"line":82,"column":16},"end":{"line":82,"column":20}}},"fnMap":{"0":{"name":"cn","decl":{"start":{"line":8,"column":16},"end":{"line":8,"column":19}},"loc":{"start":{"line":8,"column":44},"end":{"line":10,"column":null}},"line":8},"1":{"name":"formatDate","decl":{"start":{"line":15,"column":16},"end":{"line":15,"column":27}},"loc":{"start":{"line":15,"column":56},"end":{"line":21,"column":null}},"line":15},"2":{"name":"formatDateTime","decl":{"start":{"line":26,"column":16},"end":{"line":26,"column":31}},"loc":{"start":{"line":26,"column":60},"end":{"line":34,"column":null}},"line":26},"3":{"name":"getTriageColor","decl":{"start":{"line":39,"column":16},"end":{"line":39,"column":31}},"loc":{"start":{"line":39,"column":57},"end":{"line":50,"column":null}},"line":39},"4":{"name":"getTriageDotColor","decl":{"start":{"line":55,"column":16},"end":{"line":55,"column":34}},"loc":{"start":{"line":55,"column":60},"end":{"line":66,"column":null}},"line":55},"5":{"name":"truncate","decl":{"start":{"line":71,"column":16},"end":{"line":71,"column":25}},"loc":{"start":{"line":71,"column":66},"end":{"line":74,"column":null}},"line":71},"6":{"name":"getInitials","decl":{"start":{"line":79,"column":16},"end":{"line":79,"column":28}},"loc":{"start":{"line":79,"column":50},"end":{"line":86,"column":null}},"line":79},"7":{"name":"(anonymous_7)","decl":{"start":{"line":82,"column":5},"end":{"line":82,"column":10}},"loc":{"start":{"line":82,"column":16},"end":{"line":82,"column":20}},"line":82}},"branchMap":{"0":{"loc":{"start":{"line":40,"column":2},"end":{"line":49,"column":null}},"type":"switch","locations":[{"start":{"line":41,"column":4},"end":{"line":42,"column":null}},{"start":{"line":43,"column":4},"end":{"line":44,"column":null}},{"start":{"line":45,"column":4},"end":{"line":46,"column":null}},{"start":{"line":47,"column":4},"end":{"line":48,"column":null}}],"line":40},"1":{"loc":{"start":{"line":56,"column":2},"end":{"line":65,"column":null}},"type":"switch","locations":[{"start":{"line":57,"column":4},"end":{"line":58,"column":null}},{"start":{"line":59,"column":4},"end":{"line":60,"column":null}},{"start":{"line":61,"column":4},"end":{"line":62,"column":null}},{"start":{"line":63,"column":4},"end":{"line":64,"column":null}}],"line":56},"2":{"loc":{"start":{"line":72,"column":2},"end":{"line":72,"column":null}},"type":"if","locations":[{"start":{"line":72,"column":2},"end":{"line":72,"column":null}},{"start":{},"end":{}}],"line":72}},"s":{"0":89,"1":3,"2":0,"3":6,"4":3,"5":1,"6":2,"7":0,"8":1,"9":1,"10":0,"11":0,"12":0,"13":0,"14":0,"15":0,"16":4,"17":8},"f":{"0":89,"1":3,"2":0,"3":6,"4":1,"5":0,"6":4,"7":8},"b":{"0":[3,1,2,0],"1":[1,0,0,0],"2":[0,0]},"meta":{"lastBranch":3,"lastFunction":8,"lastStatement":18,"seen":{"f:8:16:8:19":0,"s:9:2:9:Infinity":0,"f:15:16:15:27":1,"s:16:2:20:Infinity":1,"f:26:16:26:31":2,"s:27:2:33:Infinity":2,"f:39:16:39:31":3,"b:41:4:42:Infinity:43:4:44:Infinity:45:4:46:Infinity:47:4:48:Infinity":0,"s:40:2:49:Infinity":3,"s:42:6:42:Infinity":4,"s:44:6:44:Infinity":5,"s:46:6:46:Infinity":6,"s:48:6:48:Infinity":7,"f:55:16:55:34":4,"b:57:4:58:Infinity:59:4:60:Infinity:61:4:62:Infinity:63:4:64:Infinity":1,"s:56:2:65:Infinity":8,"s:58:6:58:Infinity":9,"s:60:6:60:Infinity":10,"s:62:6:62:Infinity":11,"s:64:6:64:Infinity":12,"f:71:16:71:25":5,"b:72:2:72:Infinity:undefined:undefined:undefined:undefined":2,"s:72:2:72:Infinity":13,"s:72:32:72:Infinity":14,"s:73:2:73:Infinity":15,"f:79:16:79:28":6,"s:80:2:85:Infinity":16,"f:82:5:82:10":7,"s:82:16:82:20":17},"fnNames":{}}}
}
